Log file open, 01/26/18 15:19:19
LogWindows: Failed to load 'aqProf.dll' (GetLastError=126)
LogWindows: File 'aqProf.dll' does not exist
LogWindows: Failed to load 'VtuneApi.dll' (GetLastError=126)
LogWindows: File 'VtuneApi.dll' does not exist
LogWindows: Failed to load 'VtuneApi32e.dll' (GetLastError=126)
LogWindows: File 'VtuneApi32e.dll' does not exist
LogInit: Display: Running engine for game: RATSC
LogPlatformFile: Not using cached read wrapper
LogInit: Display: RandInit(809507219) SRandInit(809507219).
LogInit: Read version file with build ID '3709383'
LogInit: Overriding engine version to CL 3832480, compatible CL 3709383
LogInit: Registered custom module enumerator with build ID '3709383'
LogTaskGraph: Started task graph with 5 named threads and 14 total threads with 3 sets of task threads.
LogStats: Stats thread started at 0.307447
LogD3D11RHI: Aftermath initialized
LogModuleManager: Display: Found up-to-date module file ../../../Engine/Plugins/Runtime/HoudiniEngine/Binaries/Win64/UE4Editor-HoudiniEngineRuntime.dll (API version 3709383).
LogModuleManager: Display: Found up-to-date module file ../../../Engine/Plugins/Runtime/HoudiniEngine/Binaries/Win64/UE4Editor-HoudiniEngineEditor.dll (API version 3709383).
LogModuleManager: Display: Found up-to-date module file ../../../Engine/Plugins/2D/Paper2D/Binaries/Win64/UE4Editor-Paper2D.dll (API version 3709383).
LogModuleManager: Display: Found up-to-date module file ../../../Engine/Plugins/2D/Paper2D/Binaries/Win64/UE4Editor-Paper2DEditor.dll (API version 3709383).
LogModuleManager: Display: Found up-to-date module file ../../../Engine/Plugins/2D/Paper2D/Binaries/Win64/UE4Editor-PaperSpriteSheetImporter.dll (API version 3709383).
LogModuleManager: Display: Found up-to-date module file ../../../Engine/Plugins/2D/Paper2D/Binaries/Win64/UE4Editor-PaperTiledImporter.dll (API version 3709383).
LogModuleManager: Display: Found up-to-date module file ../../../Engine/Plugins/2D/Paper2D/Binaries/Win64/UE4Editor-SmartSnapping.dll (API version 3709383).
LogModuleManager: Display: Found up-to-date module file ../../../Engine/Plugins/Blendables/LightPropagationVolume/Binaries/Win64/UE4Editor-LightPropagationVolumeRuntime.dll (API version 3709383).
LogModuleManager: Display: Found up-to-date module file ../../../Engine/Plugins/Blendables/LightPropagationVolume/Binaries/Win64/UE4Editor-LightPropagationVolumeEditor.dll (API version 3709383).
LogModuleManager: Display: Found up-to-date module file ../../../Engine/Plugins/Developer/GitSourceControl/Binaries/Win64/UE4Editor-GitSourceControl.dll (API version 3709383).
LogModuleManager: Display: Found up-to-date module file ../../../Engine/Plugins/Developer/PerforceSourceControl/Binaries/Win64/UE4Editor-PerforceSourceControl.dll (API version 3709383).
LogModuleManager: Display: Found up-to-date module file ../../../Engine/Plugins/Developer/SubversionSourceControl/Binaries/Win64/UE4Editor-SubversionSourceControl.dll (API version 3709383).
LogModuleManager: Display: Found up-to-date module file ../../../Engine/Plugins/Developer/UObjectPlugin/Binaries/Win64/UE4Editor-UObjectPlugin.dll (API version 3709383).
LogModuleManager: Display: Found up-to-date module file ../../../Engine/Plugins/Developer/VisualStudioCodeSourceCodeAccess/Binaries/Win64/UE4Editor-VisualStudioCodeSourceCodeAccess.dll (API version 3709383).
LogModuleManager: Display: Found up-to-date module file ../../../Engine/Plugins/Developer/VisualStudioSourceCodeAccess/Binaries/Win64/UE4Editor-VisualStudioSourceCodeAccess.dll (API version 3709383).
LogModuleManager: Display: Found up-to-date module file ../../../Engine/Plugins/Editor/AssetManagerEditor/Binaries/Win64/UE4Editor-AssetManagerEditor.dll (API version 3709383).
LogModuleManager: Display: Found up-to-date module file ../../../Engine/Plugins/Editor/AudioCapture/Binaries/Win64/UE4Editor-AudioCapture.dll (API version 3709383).
LogModuleManager: Display: Found up-to-date module file ../../../Engine/Plugins/Editor/FacialAnimation/Binaries/Win64/UE4Editor-FacialAnimation.dll (API version 3709383).
LogModuleManager: Display: Found up-to-date module file ../../../Engine/Plugins/Editor/FacialAnimation/Binaries/Win64/UE4Editor-FacialAnimationEditor.dll (API version 3709383).
LogModuleManager: Display: Found up-to-date module file ../../../Engine/Plugins/Editor/GameplayTagsEditor/Binaries/Win64/UE4Editor-GameplayTagsEditor.dll (API version 3709383).
LogModuleManager: Display: Found up-to-date module file ../../../Engine/Plugins/Editor/MobileLauncherProfileWizard/Binaries/Win64/UE4Editor-MobileLauncherProfileWizard.dll (API version 3709383).
LogModuleManager: Display: Found up-to-date module file ../../../Engine/Plugins/Editor/PluginBrowser/Binaries/Win64/UE4Editor-PluginBrowser.dll (API version 3709383).
LogModuleManager: Display: Found up-to-date module file ../../../Engine/Plugins/Editor/SpeedTreeImporter/Binaries/Win64/UE4Editor-SpeedTreeImporter.dll (API version 3709383).
LogModuleManager: Display: Found up-to-date module file ../../../Engine/Plugins/Experimental/AlembicImporter/Binaries/Win64/UE4Editor-AlembicImporter.dll (API version 3709383).
LogModuleManager: Display: Found up-to-date module file ../../../Engine/Plugins/Experimental/AlembicImporter/Binaries/Win64/UE4Editor-AlembicLibrary.dll (API version 3709383).
LogModuleManager: Display: Found up-to-date module file ../../../Engine/Plugins/Experimental/CharacterAI/Binaries/Win64/UE4Editor-CharacterAI.dll (API version 3709383).
LogModuleManager: Display: Found up-to-date module file ../../../Engine/Plugins/Experimental/HTML5Networking/Binaries/Win64/UE4Editor-HTML5Networking.dll (API version 3709383).
LogModuleManager: Display: Found up-to-date module file ../../../Engine/Plugins/Media/AndroidMedia/Binaries/Win64/UE4Editor-AndroidMediaEditor.dll (API version 3709383).
LogModuleManager: Display: Found up-to-date module file ../../../Engine/Plugins/Media/AndroidMedia/Binaries/Win64/UE4Editor-AndroidMediaFactory.dll (API version 3709383).
LogModuleManager: Display: Found up-to-date module file ../../../Engine/Plugins/Media/AvfMedia/Binaries/Win64/UE4Editor-AvfMediaEditor.dll (API version 3709383).
LogModuleManager: Display: Found up-to-date module file ../../../Engine/Plugins/Media/AvfMedia/Binaries/Win64/UE4Editor-AvfMediaFactory.dll (API version 3709383).
LogModuleManager: Display: Found up-to-date module file ../../../Engine/Plugins/Media/AvfMedia/Binaries/Win64/UE4Editor-AvfMediaFactory.dll (API version 3709383).
LogModuleManager: Display: Found up-to-date module file ../../../Engine/Plugins/Media/ImgMedia/Binaries/Win64/UE4Editor-ImgMedia.dll (API version 3709383).
LogModuleManager: Display: Found up-to-date module file ../../../Engine/Plugins/Media/ImgMedia/Binaries/Win64/UE4Editor-ImgMediaEditor.dll (API version 3709383).
LogModuleManager: Display: Found up-to-date module file ../../../Engine/Plugins/Media/ImgMedia/Binaries/Win64/UE4Editor-ImgMediaFactory.dll (API version 3709383).
LogModuleManager: Display: Found up-to-date module file ../../../Engine/Plugins/Media/ImgMedia/Binaries/Win64/UE4Editor-ImgMediaFactory.dll (API version 3709383).
LogModuleManager: Display: Found up-to-date module file ../../../Engine/Plugins/Media/ImgMedia/Binaries/Win64/UE4Editor-OpenExrWrapper.dll (API version 3709383).
LogModuleManager: Display: Found up-to-date module file ../../../Engine/Plugins/Media/MediaCompositing/Binaries/Win64/UE4Editor-MediaCompositing.dll (API version 3709383).
LogModuleManager: Display: Found up-to-date module file ../../../Engine/Plugins/Media/MediaCompositing/Binaries/Win64/UE4Editor-MediaCompositingEditor.dll (API version 3709383).
LogModuleManager: Display: Found up-to-date module file ../../../Engine/Plugins/Media/MediaPlayerEditor/Binaries/Win64/UE4Editor-MediaPlayerEditor.dll (API version 3709383).
LogModuleManager: Display: Found up-to-date module file ../../../Engine/Plugins/Media/WmfMedia/Binaries/Win64/UE4Editor-WmfMedia.dll (API version 3709383).
LogModuleManager: Display: Found up-to-date module file ../../../Engine/Plugins/Media/WmfMedia/Binaries/Win64/UE4Editor-WmfMediaEditor.dll (API version 3709383).
LogModuleManager: Display: Found up-to-date module file ../../../Engine/Plugins/Media/WmfMedia/Binaries/Win64/UE4Editor-WmfMediaFactory.dll (API version 3709383).
LogModuleManager: Display: Found up-to-date module file ../../../Engine/Plugins/Media/WmfMedia/Binaries/Win64/UE4Editor-WmfMediaFactory.dll (API version 3709383).
LogModuleManager: Display: Found up-to-date module file ../../../Engine/Plugins/Messaging/TcpMessaging/Binaries/Win64/UE4Editor-TcpMessaging.dll (API version 3709383).
LogModuleManager: Display: Found up-to-date module file ../../../Engine/Plugins/Messaging/UdpMessaging/Binaries/Win64/UE4Editor-UdpMessaging.dll (API version 3709383).
LogModuleManager: Display: Found up-to-date module file ../../../Engine/Plugins/MovieScene/ActorSequence/Binaries/Win64/UE4Editor-ActorSequence.dll (API version 3709383).
LogModuleManager: Display: Found up-to-date module file ../../../Engine/Plugins/MovieScene/LevelSequenceEditor/Binaries/Win64/UE4Editor-LevelSequenceEditor.dll (API version 3709383).
LogModuleManager: Display: Found up-to-date module file ../../../Engine/Plugins/MovieScene/MatineeToLevelSequence/Binaries/Win64/UE4Editor-MatineeToLevelSequence.dll (API version 3709383).
LogModuleManager: Display: Found up-to-date module file ../../../Engine/Plugins/Online/OnlineSubsystem/Binaries/Win64/UE4Editor-OnlineSubsystem.dll (API version 3709383).
LogModuleManager: Display: Found up-to-date module file ../../../Engine/Plugins/Runtime/AndroidPermission/Binaries/Win64/UE4Editor-AndroidPermission.dll (API version 3709383).
LogModuleManager: Display: Found up-to-date module file ../../../Engine/Plugins/Online/OnlineSubsystemNull/Binaries/Win64/UE4Editor-OnlineSubsystemNull.dll (API version 3709383).
LogModuleManager: Display: Found up-to-date module file ../../../Engine/Plugins/Online/OnlineSubsystemUtils/Binaries/Win64/UE4Editor-OnlineSubsystemUtils.dll (API version 3709383).
LogModuleManager: Display: Found up-to-date module file ../../../Engine/Plugins/Online/OnlineSubsystemUtils/Binaries/Win64/UE4Editor-OnlineBlueprintSupport.dll (API version 3709383).
LogModuleManager: Display: Found up-to-date module file ../../../Engine/Plugins/Runtime/AndroidDeviceProfileSelector/Binaries/Win64/UE4Editor-AndroidDeviceProfileSelector.dll (API version 3709383).
LogModuleManager: Display: Found up-to-date module file ../../../Engine/Plugins/Runtime/AppleARKit/Binaries/Win64/UE4Editor-AppleARKit.dll (API version 3709383).
LogModuleManager: Display: Found up-to-date module file ../../../Engine/Plugins/Runtime/ArchVisCharacter/Binaries/Win64/UE4Editor-ArchVisCharacter.dll (API version 3709383).
LogModuleManager: Display: Found up-to-date module file ../../../Engine/Plugins/Runtime/CableComponent/Binaries/Win64/UE4Editor-CableComponent.dll (API version 3709383).
LogModuleManager: Display: Found up-to-date module file ../../../Engine/Plugins/Runtime/CustomMeshComponent/Binaries/Win64/UE4Editor-CustomMeshComponent.dll (API version 3709383).
LogModuleManager: Display: Found up-to-date module file ../../../Engine/Plugins/Runtime/ExampleDeviceProfileSelector/Binaries/Win64/UE4Editor-ExampleDeviceProfileSelector.dll (API version 3709383).
LogModuleManager: Display: Found up-to-date module file ../../../Engine/Plugins/Runtime/ImmediatePhysics/Binaries/Win64/UE4Editor-ImmediatePhysics.dll (API version 3709383).
LogModuleManager: Display: Found up-to-date module file ../../../Engine/Plugins/Runtime/ImmediatePhysics/Binaries/Win64/UE4Editor-ImmediatePhysicsEditor.dll (API version 3709383).
LogModuleManager: Display: Found up-to-date module file ../../../Engine/Plugins/Runtime/LocationServicesBPLibrary/Binaries/Win64/UE4Editor-LocationServicesBPLibrary.dll (API version 3709383).
LogModuleManager: Display: Found up-to-date module file ../../../Engine/Plugins/Runtime/MobilePatchingUtils/Binaries/Win64/UE4Editor-MobilePatchingUtils.dll (API version 3709383).
LogModuleManager: Display: Found up-to-date module file ../../../Engine/Plugins/Runtime/Oculus/OculusVR/Binaries/Win64/UE4Editor-OculusHMD.dll (API version 3709383).
LogModuleManager: Display: Found up-to-date module file ../../../Engine/Plugins/Runtime/Oculus/OculusVR/Binaries/Win64/UE4Editor-OculusInput.dll (API version 3709383).
LogModuleManager: Display: Found up-to-date module file ../../../Engine/Plugins/Runtime/Oculus/OculusVR/Binaries/Win64/UE4Editor-OculusEditor.dll (API version 3709383).
LogModuleManager: Display: Found up-to-date module file ../../../Engine/Plugins/Runtime/PhysXVehicles/Binaries/Win64/UE4Editor-PhysXVehicles.dll (API version 3709383).
LogModuleManager: Display: Found up-to-date module file ../../../Engine/Plugins/Runtime/PhysXVehicles/Binaries/Win64/UE4Editor-PhysXVehiclesEditor.dll (API version 3709383).
LogModuleManager: Display: Found up-to-date module file ../../../Engine/Plugins/Runtime/ProceduralMeshComponent/Binaries/Win64/UE4Editor-ProceduralMeshComponent.dll (API version 3709383).
LogModuleManager: Display: Found up-to-date module file ../../../Engine/Plugins/Runtime/ProceduralMeshComponent/Binaries/Win64/UE4Editor-ProceduralMeshComponentEditor.dll (API version 3709383).
LogModuleManager: Display: Found up-to-date module file ../../../Engine/Plugins/Runtime/RuntimePhysXCooking/Binaries/Win64/UE4Editor-RuntimePhysXCooking.dll (API version 3709383).
LogModuleManager: Display: Found up-to-date module file ../../../Engine/Plugins/Runtime/Steam/SteamVR/Binaries/Win64/UE4Editor-SteamVR.dll (API version 3709383).
LogModuleManager: Display: Found up-to-date module file ../../../Engine/Plugins/Runtime/Steam/SteamVR/Binaries/Win64/UE4Editor-SteamVRController.dll (API version 3709383).
LogModuleManager: Display: Found up-to-date module file ../../../Engine/Plugins/Runtime/WindowsMoviePlayer/Binaries/Win64/UE4Editor-WindowsMoviePlayer.dll (API version 3709383).
LogPluginManager: Mounting plugin Paper2D
LogPluginManager: Mounting plugin LightPropagationVolume
LogPluginManager: Mounting plugin CodeLiteSourceCodeAccess
LogPluginManager: Mounting plugin GitSourceControl
LogPluginManager: Mounting plugin KDevelopSourceCodeAccess
LogPluginManager: Mounting plugin NullSourceCodeAccess
LogPluginManager: Mounting plugin PerforceSourceControl
LogPluginManager: Mounting plugin SubversionSourceControl
LogPluginManager: Mounting plugin UObjectPlugin
LogPluginManager: Mounting plugin VisualStudioCodeSourceCodeAccess
LogPluginManager: Mounting plugin VisualStudioSourceCodeAccess
LogPluginManager: Mounting plugin XCodeSourceCodeAccess
LogPluginManager: Mounting plugin AssetManagerEditor
LogPluginManager: Mounting plugin AudioCapture
LogPluginManager: Mounting plugin FacialAnimation
LogPluginManager: Mounting plugin GameplayTagsEditor
LogPluginManager: Mounting plugin MobileLauncherProfileWizard
LogPluginManager: Mounting plugin PluginBrowser
LogPluginManager: Mounting plugin SpeedTreeImporter
LogPluginManager: Mounting plugin AlembicImporter
LogPluginManager: Mounting plugin CharacterAI
LogPluginManager: Mounting plugin HTML5Networking
LogPluginManager: Mounting plugin AndroidMedia
LogPluginManager: Mounting plugin AvfMedia
LogPluginManager: Mounting plugin ImgMedia
LogPluginManager: Mounting plugin MediaCompositing
LogPluginManager: Mounting plugin MediaPlayerEditor
LogPluginManager: Mounting plugin WmfMedia
LogPluginManager: Mounting plugin TcpMessaging
LogPluginManager: Mounting plugin UdpMessaging
LogPluginManager: Mounting plugin ActorSequence
LogPluginManager: Mounting plugin LevelSequenceEditor
LogPluginManager: Mounting plugin MatineeToLevelSequence
LogPluginManager: Mounting plugin OnlineSubsystemGooglePlay
LogPluginManager: Mounting plugin OnlineSubsystemIOS
LogPluginManager: Mounting plugin OnlineSubsystem
LogPluginManager: Mounting plugin OnlineSubsystemNull
LogPluginManager: Mounting plugin OnlineSubsystemUtils
LogPluginManager: Mounting plugin AndroidDeviceProfileSelector
LogPluginManager: Mounting plugin AndroidMoviePlayer
LogPluginManager: Mounting plugin AndroidPermission
LogPluginManager: Mounting plugin AppleARKit
LogPluginManager: Mounting plugin AppleMoviePlayer
LogPluginManager: Mounting plugin ArchVisCharacter
LogPluginManager: Mounting plugin CableComponent
LogPluginManager: Mounting plugin CustomMeshComponent
LogPluginManager: Mounting plugin ExampleDeviceProfileSelector
LogPluginManager: Mounting plugin GoogleCloudMessaging
LogPluginManager: Mounting plugin HoudiniEngine
LogPluginManager: Mounting plugin ImmediatePhysics
LogPluginManager: Mounting plugin IOSDeviceProfileSelector
LogPluginManager: Mounting plugin LinuxDeviceProfileSelector
LogPluginManager: Mounting plugin LocationServicesBPLibrary
LogPluginManager: Mounting plugin MobilePatchingUtils
LogPluginManager: Mounting plugin OculusVR
LogPluginManager: Plugin shader directory ../../../Engine/Plugins/Runtime/Oculus/OculusVR/Shaders found
LogPluginManager: Mapping shader source directory ../../../Engine/Plugins/Runtime/Oculus/OculusVR/Shaders to virtual directory /Plugin/OculusVR
LogPluginManager: Mounting plugin PhysXVehicles
LogPluginManager: Mounting plugin ProceduralMeshComponent
LogPluginManager: Mounting plugin RuntimePhysXCooking
LogPluginManager: Mounting plugin SteamVR
LogPluginManager: Mounting plugin WindowsMoviePlayer
LogInit: Using libcurl 7.47.1
LogInit:  - built for x86_64-pc-win32
LogInit:  - supports SSL with OpenSSL/1.0.2g
LogInit:  - supports HTTP deflate (compression) using libz 1.2.8
LogInit:  - other features:
LogInit:      CURL_VERSION_SSL
LogInit:      CURL_VERSION_LIBZ
LogInit:      CURL_VERSION_IPV6
LogInit:      CURL_VERSION_ASYNCHDNS
LogInit:      CURL_VERSION_LARGEFILE
LogInit:      CURL_VERSION_IDN
LogInit:  CurlRequestOptions (configurable via config and command line):
LogInit:  - bVerifyPeer = false  - Libcurl will NOT verify peer certificate
LogInit:  - bUseHttpProxy = false  - Libcurl will NOT use HTTP proxy
LogInit:  - bDontReuseConnections = false  - Libcurl will reuse connections
LogInit:  - CertBundlePath = nullptr  - Libcurl will use whatever was configured at build time.
LogInit: Build: ++UE4+Release-4.18-CL-3832480
LogInit: Engine Version: 4.18.3-3832480+++UE4+Release-4.18
LogInit: Compatible Engine Version: 4.18.0-3709383+++UE4+Release-4.18
LogInit: Net CL: 3709383
LogDevObjectVersion: Number of dev versions registered: 16
LogDevObjectVersion:   Dev-Blueprints (B0D832E4-1F89-4F0D-ACCF-7EB736FD4AA2): 10
LogDevObjectVersion:   Dev-Build (E1C64328-A22C-4D53-A36C-8E866417BD8C): 0
LogDevObjectVersion:   Dev-Core (375EC13C-06E4-48FB-B500-84F0262A717E): 2
LogDevObjectVersion:   Dev-Editor (E4B068ED-F494-42E9-A231-DA0B2E46BB41): 20
LogDevObjectVersion:   Dev-Framework (CFFC743F-43B0-4480-9391-14DF171D2073): 30
LogDevObjectVersion:   Dev-Mobile (B02B49B5-BB20-44E9-A304-32B752E40360): 0
LogDevObjectVersion:   Dev-Networking (A4E4105C-59A1-49B5-A7C5-40C4547EDFEE): 0
LogDevObjectVersion:   Dev-Online (39C831C9-5AE6-47DC-9A44-9C173E1C8E7C): 0
LogDevObjectVersion:   Dev-Physics (78F01B33-EBEA-4F98-B9B4-84EACCB95AA2): 0
LogDevObjectVersion:   Dev-Platform (6631380F-2D4D-43E0-8009-CF276956A95A): 0
LogDevObjectVersion:   Dev-Rendering (12F88B9F-8875-4AFC-A67C-D90C383ABD29): 20
LogDevObjectVersion:   Dev-Sequencer (7B5AE74C-D270-4C10-A958-57980B212A5A): 4
LogDevObjectVersion:   Dev-VR (D7296918-1DD6-4BDD-9DE2-64A83CC13884): 0
LogDevObjectVersion:   Dev-LoadTimes (C2A15278-BFE7-4AFE-6C17-90FF531DF755): 1
LogDevObjectVersion:   Private-Geometry (6EACA3D4-40EC-4CC1-B786-8BED09428FC5): 1
LogDevObjectVersion:   Dev-AnimPhys (29E575DD-E0A3-4627-9D10-D276232CDCEA): 12
LogInit: Compiled (64-bit): Jan 12 2018 02:04:55
LogInit: Compiled with Visual C++: 19.00.24215.01
LogInit: Build Configuration: Development
LogInit: Branch Name: ++UE4+Release-4.18
LogInit: Command line:  
LogInit: Base directory: D:/Program Files/Epic Games/UE_4.18/Engine/Binaries/Win64/
LogInit: Installed Engine Build: 1
LogInit: Presizing for max 8388607 objects, including 0 objects not considered by GC, pre-allocating 0 bytes for permanent pool.
LogInit: Object subsystem initialized
[2018.01.26-14.19.25:175][  0]LogInit: Selected Device Profile: [Windows]
[2018.01.26-14.19.25:175][  0]LogInit: Applying CVar settings loaded from the selected device profile: [Windows]
[2018.01.26-14.19.25:379][  0]LogInit: Computer: THEDEADONE
[2018.01.26-14.19.25:379][  0]LogInit: User: User
[2018.01.26-14.19.25:379][  0]LogInit: CPU Page size=4096, Cores=4
[2018.01.26-14.19.25:379][  0]LogInit: High frequency timer resolution =2.531247 MHz
[2018.01.26-14.19.25:393][  0]LogMemory: Memory total: Physical=7.8GB (8GB approx)
[2018.01.26-14.19.25:393][  0]LogMemory: Platform Memory Stats for Windows
[2018.01.26-14.19.25:393][  0]LogMemory: Process Physical Memory: 272.98 MB used, 272.98 MB peak
[2018.01.26-14.19.25:393][  0]LogMemory: Process Virtual Memory: 271.74 MB used, 271.74 MB peak
[2018.01.26-14.19.25:393][  0]LogMemory: Physical Memory: 3145.63 MB used,  4874.15 MB free, 8019.78 MB total
[2018.01.26-14.19.25:393][  0]LogMemory: Virtual Memory: 679.74 MB used,  4874.15 MB free, 134217728.00 MB total
[2018.01.26-14.19.26:538][  0]LogInit: Using OS detected language (en-US).
[2018.01.26-14.19.26:538][  0]LogInit: Using OS detected locale (en-US).
[2018.01.26-14.19.26:821][  0]LogTextLocalizationManager: No specific localization for 'en-US' exists, so the 'en' localization will be used.
[2018.01.26-14.19.27:679][  0]LogInit: Setting process to per monitor DPI aware
[2018.01.26-14.19.32:063][  0]LogD3D11RHI: D3D11 adapters:
[2018.01.26-14.19.32:120][  0]LogD3D11RHI:    0. 'NVIDIA GeForce GTX 960M' (Feature Level 11_0)
[2018.01.26-14.19.32:120][  0]LogD3D11RHI:       2010/0/4009 MB DedicatedVideo/DedicatedSystem/SharedSystem, Outputs:1, VendorId:0x10de
[2018.01.26-14.19.32:131][  0]LogD3D11RHI:    1. 'Intel(R) HD Graphics 530' (Feature Level 11_0)
[2018.01.26-14.19.32:131][  0]LogD3D11RHI:       128/0/4009 MB DedicatedVideo/DedicatedSystem/SharedSystem, Outputs:0, VendorId:0x8086
[2018.01.26-14.19.32:133][  0]LogD3D11RHI:    2. 'Microsoft Basic Render Driver' (Feature Level 11_0)
[2018.01.26-14.19.32:133][  0]LogD3D11RHI:       0/0/4009 MB DedicatedVideo/DedicatedSystem/SharedSystem, Outputs:0, VendorId:0x1414
[2018.01.26-14.19.32:133][  0]LogD3D11RHI: Chosen D3D11 Adapter: 0
[2018.01.26-14.19.32:150][  0]LogD3D11RHI: Creating new Direct3DDevice
[2018.01.26-14.19.32:151][  0]LogD3D11RHI:     GPU DeviceId: 0x139b (for the marketing name, search the web for "GPU Device Id")
[2018.01.26-14.19.32:151][  0]LogWindows: EnumDisplayDevices:
[2018.01.26-14.19.32:151][  0]LogWindows:    0. 'Intel(R) HD Graphics 530' (P:1 D:1)
[2018.01.26-14.19.32:162][  0]LogWindows:    1. 'Intel(R) HD Graphics 530' (P:0 D:0)
[2018.01.26-14.19.32:162][  0]LogWindows:    2. 'Intel(R) HD Graphics 530' (P:0 D:0)
[2018.01.26-14.19.32:162][  0]LogWindows: DebugString: GetVideoDriverDetailsInvalid PrimaryIsNotTheChoosenAdapter GetVideoDriverDetailsInvalid PrimaryIsNotTheChoosenAdapter GetVideoDriverDetailsInvalid PrimaryIsNotTheChoosenAdapter FoundDriverCount:0 
[2018.01.26-14.19.32:162][  0]LogD3D11RHI:     Adapter Name: NVIDIA GeForce GTX 960M
[2018.01.26-14.19.32:162][  0]LogD3D11RHI:   Driver Version: Unknown (internal:Unknown, unified:Unknown)
[2018.01.26-14.19.32:162][  0]LogD3D11RHI:      Driver Date: Unknown
[2018.01.26-14.19.32:162][  0]LogRHI: Texture pool is 1407 MB (70% of 2010 MB)
[2018.01.26-14.19.32:216][  0]LogD3D11RHI: Async texture creation enabled
[2018.01.26-14.19.32:750][  0]LogD3D11RHI: GPU Timing Frequency: 1000.000000 (Debug: 2 2)
[2018.01.26-14.19.32:925][  0]LogShaderCompilers: Guid format shader working directory is -22 characters bigger than the processId version (../../../../../../Tom/Documents/GitHub/RaduAndTheSunshineCrew/RATSC/Intermediate/Shaders/WorkingDirectory/4000/).
[2018.01.26-14.19.32:925][  0]LogShaderCompilers: Cleaned the shader compiler working directory 'C:/Users/User/AppData/Local/Temp/UnrealShaderWorkingDir/F2D7296A45310E5649567986C11C2C29/'.
[2018.01.26-14.19.32:940][  0]LogShaderCompilers: Display: Using Local Shader Compiler.
[2018.01.26-14.19.39:794][  0]LogTemp: Display: Loaded TP AllDesktopTargetPlatform
[2018.01.26-14.19.39:838][  0]LogTemp: Display: Loaded TP MacClientTargetPlatform
[2018.01.26-14.19.39:885][  0]LogTemp: Display: Loaded TP MacNoEditorTargetPlatform
[2018.01.26-14.19.39:929][  0]LogTemp: Display: Loaded TP MacServerTargetPlatform
[2018.01.26-14.19.39:989][  0]LogTemp: Display: Loaded TP MacTargetPlatform
[2018.01.26-14.19.40:035][  0]LogTemp: Display: Loaded TP WindowsClientTargetPlatform
[2018.01.26-14.19.40:080][  0]LogTemp: Display: Loaded TP WindowsNoEditorTargetPlatform
[2018.01.26-14.19.40:125][  0]LogTemp: Display: Loaded TP WindowsServerTargetPlatform
[2018.01.26-14.19.40:163][  0]LogTemp: Display: Loaded TP WindowsTargetPlatform
[2018.01.26-14.19.40:206][  0]LogTemp: Display: Loaded TP Android_ASTCTargetPlatform
[2018.01.26-14.19.40:249][  0]LogTemp: Display: Loaded TP Android_ATCTargetPlatform
[2018.01.26-14.19.40:294][  0]LogTemp: Display: Loaded TP Android_DXTTargetPlatform
[2018.01.26-14.19.40:338][  0]LogTemp: Display: Loaded TP Android_ETC1TargetPlatform
[2018.01.26-14.19.40:381][  0]LogTemp: Display: Loaded TP Android_ETC2TargetPlatform
[2018.01.26-14.19.40:476][  0]LogTemp: Display: Loaded TP Android_MultiTargetPlatform
[2018.01.26-14.19.40:476][  0]LogTemp: Display: Loaded TP Android_PVRTCTargetPlatform
[2018.01.26-14.19.40:534][  0]LogTemp: Display: Loaded TP AndroidTargetPlatform
[2018.01.26-14.19.40:569][  0]LogTemp: Display: Loaded TP HTML5TargetPlatform
[2018.01.26-14.19.40:720][  0]LogTemp: Display: Loaded TP IOSTargetPlatform
[2018.01.26-14.19.40:752][  0]LogTemp: Display: Loaded TP TVOSTargetPlatform
[2018.01.26-14.19.40:796][  0]LogTemp: Display: Loaded TP LinuxClientTargetPlatform
[2018.01.26-14.19.40:840][  0]LogTemp: Display: Loaded TP LinuxNoEditorTargetPlatform
[2018.01.26-14.19.40:882][  0]LogTemp: Display: Loaded TP LinuxServerTargetPlatform
[2018.01.26-14.19.40:946][  0]LogTemp: Display: Loaded TP LinuxTargetPlatform
[2018.01.26-14.19.40:946][  0]LogTargetPlatformManager: Display: Building Assets For Windows
[2018.01.26-14.19.42:269][  0]LogDerivedDataCache: Display: Max Cache Size: 512 MB
[2018.01.26-14.19.42:626][  0]LogDerivedDataCache: Loaded boot cache 0.35s 78MB C:/Users/User/AppData/Local/UnrealEngine/4.18/DerivedDataCache/Boot.ddc.
[2018.01.26-14.19.42:626][  0]LogDerivedDataCache: Display: Loaded Boot cache: C:/Users/User/AppData/Local/UnrealEngine/4.18/DerivedDataCache/Boot.ddc
[2018.01.26-14.19.42:627][  0]LogDerivedDataCache: FDerivedDataBackendGraph:  Pak pak cache file ../../../../../../Tom/Documents/GitHub/RaduAndTheSunshineCrew/RATSC/DerivedDataCache/DDC.ddp not found, will not use a pak cache.
[2018.01.26-14.19.42:627][  0]LogDerivedDataCache: Unable to find inner node Pak for hierarchical cache Hierarchy.
[2018.01.26-14.19.42:627][  0]LogDerivedDataCache: FDerivedDataBackendGraph:  CompressedPak pak cache file ../../../../../../Tom/Documents/GitHub/RaduAndTheSunshineCrew/RATSC/DerivedDataCache/Compressed.ddp not found, will not use a pak cache.
[2018.01.26-14.19.42:627][  0]LogDerivedDataCache: Unable to find inner node CompressedPak for hierarchical cache Hierarchy.
[2018.01.26-14.19.42:730][  0]LogDerivedDataCache: Display: Pak cache opened for reading ../../../Engine/DerivedDataCache/Compressed.ddp.
[2018.01.26-14.19.42:743][  0]LogDerivedDataCache: Using Local data cache path C:/Users/User/AppData/Local/UnrealEngine/Common/DerivedDataCache: Writable
[2018.01.26-14.19.42:821][  0]LogMaterial: Verifying Global Shaders for PCD3D_SM5
[2018.01.26-14.19.42:961][  0]LogSlate: Using Freetype 2.6.0
[2018.01.26-14.19.43:067][  0]LogSlate: SlateFontCache - WITH_FREETYPE: 1, WITH_HARFBUZZ: 1
[2018.01.26-14.19.43:079][  0]LogSlate: SlateFontCache - WITH_FREETYPE: 1, WITH_HARFBUZZ: 1
[2018.01.26-14.19.53:810][  0]LogInit: Selected Device Profile: [Windows]
[2018.01.26-14.19.55:907][  0]LogSimplygon: Simplygon DLL not present - disabling.
[2018.01.26-14.19.55:994][  0]LogMeshReduction: Using SimplygonSwarm for distributed automatic mesh merging
[2018.01.26-14.19.56:001][  0]LogMeshReduction: Using QuadricMeshReduction for automatic static mesh reduction
[2018.01.26-14.19.56:023][  0]LogMeshReduction: No automatic skeletal mesh reduction module available
[2018.01.26-14.19.56:023][  0]LogMeshReduction: No automatic mesh merging module available
[2018.01.26-14.19.56:023][  0]LogMeshMerging: No automatic mesh merging module available
[2018.01.26-14.19.56:632][  0]LogNetVersion: RATSC , NetCL: 3709383, EngineNetVer: 2, GameNetVer: 0 (Checksum: 1159738517)
[2018.01.26-14.19.59:341][  0]LogAssetRegistry: FAssetRegistry took 0.0757 seconds to start up
[2018.01.26-14.20.18:938][  0]LogPackageLocalizationCache: Processed 8 localized package path(s) for 2 prioritized culture(s) in 0.225406 seconds
[2018.01.26-14.20.18:967][  0]LogUObjectArray: 35870 objects as part of root set at end of initial load.
[2018.01.26-14.20.18:967][  0]LogUObjectAllocator: 7363696 out of 0 bytes used by permanent object pool.
[2018.01.26-14.20.18:967][  0]LogUObjectArray: CloseDisregardForGC: 0/0 objects in disregard for GC pool
[2018.01.26-14.20.19:047][  0]LogInit: WinSock: version 1.1 (2.2), MaxSocks=32767, MaxUdp=65467
[2018.01.26-14.20.51:108][  0]LogTcpMessaging: Initializing TcpMessaging bridge
[2018.01.26-14.20.51:156][  0]LogUdpMessaging: Initializing bridge on interface 0.0.0.0:0 to multicast group 230.0.0.1:6666.
[2018.01.26-14.20.52:802][  0]LogMaterial: Uniform references updated for custom material expression Custom.
[2018.01.26-14.20.53:996][  0]SourceControl: Source control is disabled
[2018.01.26-14.20.54:009][  0]SourceControl: Source control is disabled
[2018.01.26-14.20.54:065][  0]SourceControl: Source control is disabled
[2018.01.26-14.20.54:123][  0]SourceControl: Source control is disabled
[2018.01.26-14.20.55:465][  0]LogAndroidPermission: UAndroidPermissionCallbackProxy::GetInstance
[2018.01.26-14.20.55:719][  0]LogHoudiniEngine: Starting the Houdini Engine module.
[2018.01.26-14.20.55:750][  0]LogHoudiniEngine: Loaded libHAPIL.dll from Registry path D:\Program Files\Side Effects Software\Houdini/bin
[2018.01.26-14.20.55:766][  0]LogLinker: Warning: Asset '../../../Engine/Plugins/Runtime/HoudiniEngine/Content/houdini_logo.uasset' has been saved with empty engine version. The asset will be loaded but may be incompatible.
[2018.01.26-14.20.55:791][  0]LogLinker: Warning: Asset '../../../Engine/Plugins/Runtime/HoudiniEngine/Content/houdini_default_material.uasset' has been saved with empty engine version. The asset will be loaded but may be incompatible.
[2018.01.26-14.20.55:811][  0]LogLinker: Warning: Asset '../../../Engine/Plugins/Runtime/HoudiniEngine/Content/houdini_bgeo_import.uasset' has been saved with empty engine version. The asset will be loaded but may be incompatible.
[2018.01.26-14.21.21:558][  0]LogHoudiniEngine: Successfully intialized the Houdini Engine API module.
[2018.01.26-14.21.21:696][  0]LogOcInput: OculusInput pre-init called
[2018.01.26-14.21.22:715][  0]LogEngine: Initializing Engine...
[2018.01.26-14.21.22:793][  0]LogHMD: Failed to initialize OpenVR with code 110
[2018.01.26-14.21.23:988][  0]LogStats: UGameplayTagsManager::ConstructGameplayTagTree: Construct from data asset -  0.000 s
[2018.01.26-14.21.23:988][  0]LogStats: UGameplayTagsManager::ConstructGameplayTagTree: GameplayTagTreeChangedEvent.Broadcast -  0.000 s
[2018.01.26-14.21.24:518][  0]LogAIModule: Creating AISystem for world Untitled
[2018.01.26-14.21.24:715][  0]LogInit: XAudio2 using 'Luidsprekers (Realtek High Definition Audio)' : 2 channels at 48 kHz using 32 bits per sample (channel mask 0x3)
[2018.01.26-14.21.24:832][  0]LogInit: FAudioDevice initialized.
[2018.01.26-14.21.24:984][  0]LogDerivedDataCache: Saved boot cache 0.14s 78MB C:/Users/User/AppData/Local/UnrealEngine/4.18/DerivedDataCache/Boot.ddc.
[2018.01.26-14.21.25:021][  0]LogInit: Texture streaming: Enabled
[2018.01.26-14.21.25:163][  0]LogEngineSessionManager: EngineSessionManager initialized
[2018.01.26-14.21.25:482][  0]LogInit: Transaction tracking system initialized
[2018.01.26-14.21.26:179][  0]BlueprintLog: New page: Editor Load
[2018.01.26-14.21.28:312][  0]LocalizationService: Localization service is disabled
[2018.01.26-14.21.30:190][  0]LogConsoleResponse: Display: 
[2018.01.26-14.21.33:189][  0]LogFileCache: Scanning file cache for directory 'D:/Tom/Documents/GitHub/RaduAndTheSunshineCrew/RATSC/Content/' took 0.02s
[2018.01.26-14.21.33:189][  0]LogCook: Display: Max memory allowance for cook 16384mb min free memory 0mb
[2018.01.26-14.21.33:189][  0]LogCook: Display: Mobile HDR setting 1
[2018.01.26-14.21.33:209][  0]LogGameplayTags: Display: UGameplayTagsManager::DoneAddingNativeTags. DelegateIsBound: 0
[2018.01.26-14.21.34:737][  0]LogHoudiniEngineEditor: Starting the Houdini Engine Editor module.
[2018.01.26-14.21.35:913][  0]SourceControl: Source control is disabled
[2018.01.26-14.21.35:985][  0]Cmd: MAP LOAD FILE="../../../../../../Tom/Documents/GitHub/RaduAndTheSunshineCrew/RATSC/Content/StarterContent/Maps/Minimal_Default.umap" TEMPLATE=0 SHOWPROGRESS=1 FEATURELEVEL=3
[2018.01.26-14.21.36:005][  0]LightingResults: New page: Lighting Build
[2018.01.26-14.21.36:233][  0]MapCheck: New page: Map Check
[2018.01.26-14.21.36:233][  0]LightingResults: New page: Lighting Build
[2018.01.26-14.21.39:075][  0]LogAIModule: Creating AISystem for world Minimal_Default
[2018.01.26-14.21.39:904][  0]LogEditorServer: Finished looking for orphan Actors (0.000 secs)
[2018.01.26-14.21.40:055][  0]Cmd: MAP CHECKDEP NOCLEARLOG
[2018.01.26-14.21.40:134][  0]MapCheck: Map check complete: 0 Error(s), 0 Warning(s), took 78.917ms to complete.
[2018.01.26-14.21.40:134][  0]LogFileHelpers: Loading map 'Minimal_Default' took 4.177
[2018.01.26-14.21.42:107][  0]LogCollectionManager: Loaded 0 collections in 0.001870 seconds
[2018.01.26-14.21.42:314][  0]LogFileCache: Scanning file cache for directory 'D:/Tom/Documents/GitHub/RaduAndTheSunshineCrew/RATSC/Saved/Collections/' took 0.01s
[2018.01.26-14.21.42:314][  0]LogFileCache: Scanning file cache for directory 'D:/Tom/Documents/GitHub/RaduAndTheSunshineCrew/RATSC/Content/Developers/User/Collections/' took 0.01s
[2018.01.26-14.21.42:314][  0]LogFileCache: Scanning file cache for directory 'D:/Tom/Documents/GitHub/RaduAndTheSunshineCrew/RATSC/Content/Collections/' took 0.01s
[2018.01.26-14.21.42:314][  0]LogCollectionManager: Rebuilt the GUID cache for 0 collections in 0.000002 seconds
[2018.01.26-14.21.42:344][  0]LogContentBrowser: Native class hierarchy populated in 0.0260 seconds. Added 2399 classes and 529 folders.
[2018.01.26-14.21.42:483][  0]LogContentBrowser: Native class hierarchy updated for 'WidgetCarousel' in 0.0005 seconds. Added 0 classes and 0 folders.
[2018.01.26-14.21.44:173][  0]LogContentBrowser: Native class hierarchy updated for 'AddContentDialog' in 0.0003 seconds. Added 0 classes and 0 folders.
[2018.01.26-14.21.44:316][  0]LogContentBrowser: Native class hierarchy updated for 'SceneOutliner' in 0.0004 seconds. Added 1 classes and 2 folders.
[2018.01.26-14.21.45:105][  0]LogSlate: Took 0.025214 seconds to synchronously load lazily loaded font '../../../Engine/Content/Slate/Fonts/Roboto-Regular.ttf' (155K)
[2018.01.26-14.21.45:137][  0]LogSlate: Took 0.018734 seconds to synchronously load lazily loaded font '../../../Engine/Content/Slate/Fonts/Roboto-Bold.ttf' (160K)
[2018.01.26-14.21.45:218][  0]LogSlate: Took 0.019582 seconds to synchronously load lazily loaded font '../../../Engine/Content/Editor/Slate/Fonts/FontAwesome.ttf' (139K)
[2018.01.26-14.21.45:891][  0]LogRenderer: Reallocating scene render targets to support 1136x524 Format 9 NumSamples 1 (Frame:1).
[2018.01.26-14.21.46:960][  0]LogContentBrowser: Native class hierarchy updated for 'HierarchicalLODOutliner' in 0.0004 seconds. Added 1 classes and 2 folders.
[2018.01.26-14.21.46:960][  0]LogLoad: (Engine Initialization) Total time: 154.54 seconds
[2018.01.26-14.21.46:960][  0]LogLoad: (Engine Initialization) Total Blueprint compile time: 0.00 seconds
[2018.01.26-14.21.46:961][  0]LogExternalProfiler: Found external profiler: VSPerf
[2018.01.26-14.21.46:961][  0]LogExternalProfiler: Using external profiler: VSPerf
[2018.01.26-14.21.47:056][  0]LogContentStreaming: Texture pool size now 800 MB
[2018.01.26-14.21.47:185][  0]LogRenderer: Reallocating scene render targets to support 1136x544 Format 9 NumSamples 1 (Frame:2).
[2018.01.26-14.21.47:185][  0]LogSlate: Took 0.022523 seconds to synchronously load lazily loaded font '../../../Engine/Content/Slate/Fonts/Roboto-Light.ttf' (159K)
[2018.01.26-14.21.47:816][  1]LogAssetRegistry: Asset discovery search completed in 108.4982 seconds
[2018.01.26-14.21.47:818][  1]LogCollectionManager: Rebuilt the object cache for 0 collections in 0.000000 seconds (found 0 objects)
[2018.01.26-14.21.47:818][  1]LogCollectionManager: Fixed up redirectors for 0 collections in 0.000050 seconds (updated 0 objects)
[2018.01.26-14.23.42:287][524]LogSlate: Took 0.000241 seconds to synchronously load lazily loaded font '../../../Engine/Content/Slate/Fonts/Roboto-Light.ttf' (159K)
[2018.01.26-14.23.42:578][524]LogSavePackage: Save=24.06ms
[2018.01.26-14.23.42:578][524]LogSavePackage: Moving '../../../../../../Tom/Documents/GitHub/RaduAndTheSunshineCrew/RATSC/Saved/Demo_Level9216F952401AB0578745A7BD6BE04959.tmp' to '../../../../../../Tom/Documents/GitHub/RaduAndTheSunshineCrew/RATSC/Content/Levels/Demo_Level.umap'
[2018.01.26-14.23.42:598][524]LogSavePackage: Display: Finished SavePackage ../../../../../../Tom/Documents/GitHub/RaduAndTheSunshineCrew/RATSC/Content/Levels/Demo_Level.umap
[2018.01.26-14.23.42:618][524]LogFileHelpers: Saving map 'Demo_Level' took 0.173
[2018.01.26-14.23.58:388][120]Cmd: OBJ SAVEPACKAGE PACKAGE="/Game/Levels/L_Demo" FILE="../../../../../../Tom/Documents/GitHub/RaduAndTheSunshineCrew/RATSC/Content/Levels/L_Demo.umap" SILENT=true AUTOSAVING=false KEEPDIRTY=false
[2018.01.26-14.23.58:410][120]LogSavePackage: Save=10.46ms
[2018.01.26-14.23.58:410][120]LogSavePackage: Moving '../../../../../../Tom/Documents/GitHub/RaduAndTheSunshineCrew/RATSC/Saved/L_DemoB16635A04A6D10D9D67539AB7537CF11.tmp' to '../../../../../../Tom/Documents/GitHub/RaduAndTheSunshineCrew/RATSC/Content/Levels/L_Demo.umap'
[2018.01.26-14.23.58:415][120]LogSavePackage: Display: Finished SavePackage ../../../../../../Tom/Documents/GitHub/RaduAndTheSunshineCrew/RATSC/Content/Levels/L_Demo.umap
[2018.01.26-14.23.58:418][120]LogFileHelpers: Saving map 'L_Demo' took 0.094
[2018.01.26-14.26.07:570][415]LogTemp: Repeating last play command: Selected Viewport
[2018.01.26-14.26.07:683][415]LogBlueprintUserMessages: Early PlayInEditor Detection: Level '/Game/StarterContent/Maps/Minimal_Default.Minimal_Default:PersistentLevel' has LevelScriptBlueprint '/Game/StarterContent/Maps/Minimal_Default.Minimal_Default:PersistentLevel.Minimal_Default' with GeneratedClass '/Game/StarterContent/Maps/Minimal_Default.Minimal_Default_C' with ClassGeneratedBy '/Game/StarterContent/Maps/Minimal_Default.Minimal_Default:PersistentLevel.Minimal_Default'
[2018.01.26-14.26.07:683][415]LogPlayLevel: PlayLevel: No blueprints needed recompiling
[2018.01.26-14.26.09:894][415]PIE: New page: PIE session: Minimal_Default (Jan 26, 2018, 4:26:07 PM)
[2018.01.26-14.26.09:894][415]LogPlayLevel: Creating play world package: /Game/StarterContent/Maps/UEDPIE_0_Minimal_Default
[2018.01.26-14.26.10:024][415]LogPlayLevel: PIE: StaticDuplicateObject took: (0.130464s)
[2018.01.26-14.26.10:025][415]LogAIModule: Creating AISystem for world Minimal_Default
[2018.01.26-14.26.10:025][415]LogPlayLevel: PIE: World Init took: (0.000808s)
[2018.01.26-14.26.10:025][415]LogPlayLevel: PIE: Created PIE world by copying editor world from /Game/StarterContent/Maps/Minimal_Default.Minimal_Default to /Game/StarterContent/Maps/UEDPIE_0_Minimal_Default.Minimal_Default (0.131602s)
[2018.01.26-14.26.10:073][415]LogInit: XAudio2 using 'Luidsprekers (Realtek High Definition Audio)' : 2 channels at 48 kHz using 32 bits per sample (channel mask 0x3)
[2018.01.26-14.26.10:089][415]LogInit: FAudioDevice initialized.
[2018.01.26-14.26.10:148][415]LogLoad: Game class is 'GameModeBase'
[2018.01.26-14.26.10:184][415]LogWorld: Bringing World /Game/StarterContent/Maps/UEDPIE_0_Minimal_Default.Minimal_Default up for play (max tick rate 0) at 2018.01.26-15.26.10
[2018.01.26-14.26.10:202][415]LogWorld: Bringing up level for play took: 0.018690
[2018.01.26-14.26.10:302][415]LogContentBrowser: Native class hierarchy updated for 'MovieSceneCapture' in 0.0004 seconds. Added 11 classes and 0 folders.
[2018.01.26-14.26.10:379][415]PIE: Play in editor start time for /Game/StarterContent/Maps/UEDPIE_0_Minimal_Default 1.989
[2018.01.26-14.26.10:380][415]LogBlueprintUserMessages: Late PlayInEditor Detection: Level '/Game/StarterContent/Maps/Minimal_Default.Minimal_Default:PersistentLevel' has LevelScriptBlueprint '/Game/StarterContent/Maps/Minimal_Default.Minimal_Default:PersistentLevel.Minimal_Default' with GeneratedClass '/Game/StarterContent/Maps/Minimal_Default.Minimal_Default_C' with ClassGeneratedBy '/Game/StarterContent/Maps/Minimal_Default.Minimal_Default:PersistentLevel.Minimal_Default'
[2018.01.26-14.26.14:146][491]LogBlueprintUserMessages: Early EndPlayMap Detection: Level '/Game/StarterContent/Maps/Minimal_Default.Minimal_Default:PersistentLevel' has LevelScriptBlueprint '/Game/StarterContent/Maps/Minimal_Default.Minimal_Default:PersistentLevel.Minimal_Default' with GeneratedClass '/Game/StarterContent/Maps/Minimal_Default.Minimal_Default_C' with ClassGeneratedBy '/Game/StarterContent/Maps/Minimal_Default.Minimal_Default:PersistentLevel.Minimal_Default'
[2018.01.26-14.26.14:284][491]LogBlueprintUserMessages: Late EndPlayMap Detection: Level '/Game/StarterContent/Maps/Minimal_Default.Minimal_Default:PersistentLevel' has LevelScriptBlueprint '/Game/StarterContent/Maps/Minimal_Default.Minimal_Default:PersistentLevel.Minimal_Default' with GeneratedClass '/Game/StarterContent/Maps/Minimal_Default.Minimal_Default_C' with ClassGeneratedBy '/Game/StarterContent/Maps/Minimal_Default.Minimal_Default:PersistentLevel.Minimal_Default'
[2018.01.26-14.26.18:092][539]LogSlate: Warning: Prevented a slow task dialog from being summoned while a context menu was open
[2018.01.26-14.26.28:555][614]LogTemp: Executing iPhonePackager certificates Engine -bundlename com.YourCompany.RATSC
[2018.01.26-14.26.28:555][614]LogTemp: CWD: D:\Program Files\Epic Games\UE_4.18\Engine\Binaries\DotNET\IOS
[2018.01.26-14.26.28:555][614]LogTemp: Initial Dir: D:\Program Files\Epic Games\UE_4.18
[2018.01.26-14.26.28:555][614]LogTemp: Env CWD: D:\Program Files\Epic Games\UE_4.18\Engine\Binaries\DotNET\IOS
[2018.01.26-14.26.28:555][614]LogTemp: BranchPath = THEDEADONE/D/Program Files/Epic Games/UE_4.18/Engine/Binaries --- GameBranchPath = THEDEADONE/D/Program Files/Epic Games/UE_4.18/Engine/Binaries
[2018.01.26-14.26.28:555][614]LogSlate: Only BGRA pngs, bmps or icos are supported in by External Image Picker
[2018.01.26-14.26.28:695][615]LogTemp: IPP ERROR: Could not find provision directory 'C:\Users\User\AppData\Local/Apple Computer/MobileDevice/Provisioning Profiles/'.
[2018.01.26-14.26.32:204][656]LogSlate: Took 0.000192 seconds to synchronously load lazily loaded font '../../../Engine/Content/Slate/Fonts/Roboto-Light.ttf' (159K)
[2018.01.26-14.26.38:941][722]LogSlate: Warning: Prevented a slow task dialog from being summoned while a context menu was open
[2018.01.26-14.26.48:240][880]LogSlate: Took 0.000250 seconds to synchronously load lazily loaded font '../../../Engine/Content/Slate/Fonts/Roboto-Regular.ttf' (155K)
[2018.01.26-14.26.48:580][880]LogContentBrowser: Native class hierarchy updated for 'BlueprintGraph' in 0.0006 seconds. Added 116 classes and 0 folders.
[2018.01.26-14.26.50:474][880]LogRenderer: Reallocating scene render targets to support 1144x712 Format 9 NumSamples 1 (Frame:1).
[2018.01.26-14.26.52:488][970]LogSlate: Warning: Prevented a slow task dialog from being summoned while a context menu was open
[2018.01.26-14.26.59:921][198]BlueprintLog: New page: Compile BP_GameMode
[2018.01.26-14.27.00:667][210]Cmd: OBJ SAVEPACKAGE PACKAGE="/Game/Gamemode/BP_GameMode" FILE="../../../../../../Tom/Documents/GitHub/RaduAndTheSunshineCrew/RATSC/Content/Gamemode/BP_GameMode.uasset" SILENT=true
[2018.01.26-14.27.00:682][210]LogSavePackage: Save=12.85ms
[2018.01.26-14.27.00:682][210]LogSavePackage: Moving '../../../../../../Tom/Documents/GitHub/RaduAndTheSunshineCrew/RATSC/Saved/BP_GameMode5039C90C4F40EEB62AB826A58B195A06.tmp' to '../../../../../../Tom/Documents/GitHub/RaduAndTheSunshineCrew/RATSC/Content/Gamemode/BP_GameMode.uasset'
[2018.01.26-14.27.00:687][210]LogSavePackage: Display: Finished SavePackage ../../../../../../Tom/Documents/GitHub/RaduAndTheSunshineCrew/RATSC/Content/Gamemode/BP_GameMode.uasset
[2018.01.26-14.27.07:420][531]LogTemp: Repeating last play command: Selected Viewport
[2018.01.26-14.27.07:449][531]LogBlueprintUserMessages: Early PlayInEditor Detection: Level '/Game/StarterContent/Maps/Minimal_Default.Minimal_Default:PersistentLevel' has LevelScriptBlueprint '/Game/StarterContent/Maps/Minimal_Default.Minimal_Default:PersistentLevel.Minimal_Default' with GeneratedClass '/Game/StarterContent/Maps/Minimal_Default.Minimal_Default_C' with ClassGeneratedBy '/Game/StarterContent/Maps/Minimal_Default.Minimal_Default:PersistentLevel.Minimal_Default'
[2018.01.26-14.27.07:449][531]LogPlayLevel: PlayLevel: No blueprints needed recompiling
[2018.01.26-14.27.07:449][531]PIE: New page: PIE session: Minimal_Default (Jan 26, 2018, 4:27:07 PM)
[2018.01.26-14.27.07:449][531]LogPlayLevel: Creating play world package: /Game/StarterContent/Maps/UEDPIE_0_Minimal_Default
[2018.01.26-14.27.07:461][531]LogPlayLevel: PIE: StaticDuplicateObject took: (0.011619s)
[2018.01.26-14.27.07:462][531]LogAIModule: Creating AISystem for world Minimal_Default
[2018.01.26-14.27.07:463][531]LogPlayLevel: PIE: World Init took: (0.001877s)
[2018.01.26-14.27.07:464][531]LogPlayLevel: PIE: Created PIE world by copying editor world from /Game/StarterContent/Maps/Minimal_Default.Minimal_Default to /Game/StarterContent/Maps/UEDPIE_0_Minimal_Default.Minimal_Default (0.014539s)
[2018.01.26-14.27.07:487][531]LogInit: XAudio2 using 'Luidsprekers (Realtek High Definition Audio)' : 2 channels at 48 kHz using 32 bits per sample (channel mask 0x3)
[2018.01.26-14.27.07:501][531]LogInit: FAudioDevice initialized.
[2018.01.26-14.27.07:635][531]LogLoad: Game class is 'BP_GameMode_C'
[2018.01.26-14.27.07:638][531]LogWorld: Bringing World /Game/StarterContent/Maps/UEDPIE_0_Minimal_Default.Minimal_Default up for play (max tick rate 0) at 2018.01.26-15.27.07
[2018.01.26-14.27.07:638][531]LogWorld: Bringing up level for play took: 0.001625
[2018.01.26-14.27.07:707][531]PIE: Play in editor start time for /Game/StarterContent/Maps/UEDPIE_0_Minimal_Default -0.683
[2018.01.26-14.27.07:708][531]LogBlueprintUserMessages: Late PlayInEditor Detection: Level '/Game/StarterContent/Maps/Minimal_Default.Minimal_Default:PersistentLevel' has LevelScriptBlueprint '/Game/StarterContent/Maps/Minimal_Default.Minimal_Default:PersistentLevel.Minimal_Default' with GeneratedClass '/Game/StarterContent/Maps/Minimal_Default.Minimal_Default_C' with ClassGeneratedBy '/Game/StarterContent/Maps/Minimal_Default.Minimal_Default:PersistentLevel.Minimal_Default'
[2018.01.26-14.27.09:369][593]LogBlueprintUserMessages: Early EndPlayMap Detection: Level '/Game/StarterContent/Maps/Minimal_Default.Minimal_Default:PersistentLevel' has LevelScriptBlueprint '/Game/StarterContent/Maps/Minimal_Default.Minimal_Default:PersistentLevel.Minimal_Default' with GeneratedClass '/Game/StarterContent/Maps/Minimal_Default.Minimal_Default_C' with ClassGeneratedBy '/Game/StarterContent/Maps/Minimal_Default.Minimal_Default:PersistentLevel.Minimal_Default'
[2018.01.26-14.27.09:519][593]LogBlueprintUserMessages: Late EndPlayMap Detection: Level '/Game/StarterContent/Maps/Minimal_Default.Minimal_Default:PersistentLevel' has LevelScriptBlueprint '/Game/StarterContent/Maps/Minimal_Default.Minimal_Default:PersistentLevel.Minimal_Default' with GeneratedClass '/Game/StarterContent/Maps/Minimal_Default.Minimal_Default_C' with ClassGeneratedBy '/Game/StarterContent/Maps/Minimal_Default.Minimal_Default:PersistentLevel.Minimal_Default'
[2018.01.26-14.27.16:018][708]Cmd: OBJ SAVEPACKAGE PACKAGE="/Game/Player/BP_PlayerController" FILE="../../../../../../Tom/Documents/GitHub/RaduAndTheSunshineCrew/RATSC/Content/Player/BP_PlayerController.uasset" SILENT=true
[2018.01.26-14.27.16:036][708]LogSavePackage: Save=13.24ms
[2018.01.26-14.27.16:037][708]LogSavePackage: Moving '../../../../../../Tom/Documents/GitHub/RaduAndTheSunshineCrew/RATSC/Saved/BP_PlayerControllerAFF8C20743A626173399599DD0E355A8.tmp' to '../../../../../../Tom/Documents/GitHub/RaduAndTheSunshineCrew/RATSC/Content/Player/BP_PlayerController.uasset'
[2018.01.26-14.27.16:042][708]LogSavePackage: Display: Finished SavePackage ../../../../../../Tom/Documents/GitHub/RaduAndTheSunshineCrew/RATSC/Content/Player/BP_PlayerController.uasset
[2018.01.26-14.27.16:114][708]Cmd: OBJ SAVEPACKAGE PACKAGE="/Game/Player/BP_PlayerPawn" FILE="../../../../../../Tom/Documents/GitHub/RaduAndTheSunshineCrew/RATSC/Content/Player/BP_PlayerPawn.uasset" SILENT=true
[2018.01.26-14.27.16:135][708]LogSavePackage: Save=18.20ms
[2018.01.26-14.27.16:135][708]LogSavePackage: Moving '../../../../../../Tom/Documents/GitHub/RaduAndTheSunshineCrew/RATSC/Saved/BP_PlayerPawn61DB53F448507A7DBED15DB9ECB08B17.tmp' to '../../../../../../Tom/Documents/GitHub/RaduAndTheSunshineCrew/RATSC/Content/Player/BP_PlayerPawn.uasset'
[2018.01.26-14.27.16:142][708]LogSavePackage: Display: Finished SavePackage ../../../../../../Tom/Documents/GitHub/RaduAndTheSunshineCrew/RATSC/Content/Player/BP_PlayerPawn.uasset
[2018.01.26-14.28.02:410][120]Cmd: MAP LOAD FILE="../../../../../../Tom/Documents/GitHub/RaduAndTheSunshineCrew/RATSC/Content/Levels/L_Demo.umap" TEMPLATE=0 SHOWPROGRESS=1 FEATURELEVEL=3
[2018.01.26-14.28.02:412][120]LightingResults: New page: Lighting Build
[2018.01.26-14.28.02:413][120]LoadErrors: New page: Loading map: L_Demo.umap
[2018.01.26-14.28.02:432][120]MapCheck: New page: Map Check
[2018.01.26-14.28.02:432][120]LightingResults: New page: Lighting Build
[2018.01.26-14.28.02:451][120]LogEditorServer: Finished looking for orphan Actors (0.000 secs)
[2018.01.26-14.28.02:451][120]LogAIModule: Creating AISystem for world L_Demo
[2018.01.26-14.28.02:492][120]Cmd: MAP CHECKDEP NOCLEARLOG
[2018.01.26-14.28.02:567][120]MapCheck: Map check complete: 0 Error(s), 0 Warning(s), took 74.874ms to complete.
[2018.01.26-14.28.02:568][120]LogFileHelpers: Loading map 'L_Demo' took 0.537
[2018.01.26-14.28.25:581][  7]Cmd: BRUSH ADD SELECTNEWBRUSH
[2018.01.26-14.28.58:504][159]LogEditorViewport: Clicking on Actor (LMB): DirectionalLight (DirectionalLight)
[2018.01.26-14.28.59:096][183]LogSlate: Took 0.150284 seconds to synchronously load lazily loaded font '../../../Engine/Content/Editor/Slate/Fonts/Roboto-Italic.ttf' (157K)
[2018.01.26-14.29.21:374][365]Cmd: OBJ SAVEPACKAGE PACKAGE="/Game/Levels/L_Demo" FILE="../../../../../../Tom/Documents/GitHub/RaduAndTheSunshineCrew/RATSC/Content/Levels/L_Demo.umap" SILENT=true AUTOSAVING=false KEEPDIRTY=false
[2018.01.26-14.29.21:433][365]LogSavePackage: Save=27.80ms
[2018.01.26-14.29.21:433][365]LogSavePackage: Moving '../../../../../../Tom/Documents/GitHub/RaduAndTheSunshineCrew/RATSC/Saved/L_Demo084FB6404734D77F2C5A77959FF18E95.tmp' to '../../../../../../Tom/Documents/GitHub/RaduAndTheSunshineCrew/RATSC/Content/Levels/L_Demo.umap'
[2018.01.26-14.29.21:441][365]LogSavePackage: Display: Finished SavePackage ../../../../../../Tom/Documents/GitHub/RaduAndTheSunshineCrew/RATSC/Content/Levels/L_Demo.umap
[2018.01.26-14.29.22:102][388]Cmd: OBJ SAVEPACKAGE PACKAGE="/Game/Levels/L_Demo" FILE="../../../../../../Tom/Documents/GitHub/RaduAndTheSunshineCrew/RATSC/Content/Levels/L_Demo.umap" SILENT=true AUTOSAVING=false KEEPDIRTY=false
[2018.01.26-14.29.22:150][388]LogSavePackage: Save=22.86ms
[2018.01.26-14.29.22:150][388]LogSavePackage: Moving '../../../../../../Tom/Documents/GitHub/RaduAndTheSunshineCrew/RATSC/Saved/L_Demo5A1168BD42845A18303CE19331F2B208.tmp' to '../../../../../../Tom/Documents/GitHub/RaduAndTheSunshineCrew/RATSC/Content/Levels/L_Demo.umap'
[2018.01.26-14.29.22:152][388]LogSavePackage: Display: Finished SavePackage ../../../../../../Tom/Documents/GitHub/RaduAndTheSunshineCrew/RATSC/Content/Levels/L_Demo.umap
[2018.01.26-14.29.44:317][457]Cmd: OBJ SAVEPACKAGE PACKAGE="/Game/Levels/L_Demo" FILE="../../../../../../Tom/Documents/GitHub/RaduAndTheSunshineCrew/RATSC/Content/Levels/L_Demo.umap" SILENT=true AUTOSAVING=false KEEPDIRTY=false
[2018.01.26-14.29.44:362][457]LogSavePackage: Save=22.79ms
[2018.01.26-14.29.44:362][457]LogSavePackage: Moving '../../../../../../Tom/Documents/GitHub/RaduAndTheSunshineCrew/RATSC/Saved/L_DemoC4576D144101F0196294B48652756446.tmp' to '../../../../../../Tom/Documents/GitHub/RaduAndTheSunshineCrew/RATSC/Content/Levels/L_Demo.umap'
[2018.01.26-14.29.44:364][457]LogSavePackage: Display: Finished SavePackage ../../../../../../Tom/Documents/GitHub/RaduAndTheSunshineCrew/RATSC/Content/Levels/L_Demo.umap
[2018.01.26-14.29.52:005][832]LogWindowsTextInputMethodSystem: Display: IME system now deactivated.
[2018.01.26-14.29.52:300][833]Cmd: QUIT_EDITOR
[2018.01.26-14.29.52:761][833]LogExit: Preparing to exit.
[2018.01.26-14.29.53:462][833]LogDirectoryWatcher: A directory notification for 'D:/Tom/Documents/GitHub/RaduAndTheSunshineCrew/RATSC/Content/' was aborted.
[2018.01.26-14.29.53:532][833]LogExit: Editor shut down
[2018.01.26-14.29.53:537][833]LogExit: Transaction tracking system shut down
[2018.01.26-14.29.53:750][833]LogDirectoryWatcher: A directory notification for '../../../Engine/Content/' was aborted.
[2018.01.26-14.29.53:750][833]LogDirectoryWatcher: A directory notification for '../../../../../../Tom/Documents/GitHub/RaduAndTheSunshineCrew/RATSC/Content/' was aborted.
[2018.01.26-14.29.53:750][833]LogDirectoryWatcher: A directory notification for '../../../Engine/Plugins/2D/Paper2D/Content/' was aborted.
[2018.01.26-14.29.53:750][833]LogDirectoryWatcher: A directory notification for '../../../Engine/Plugins/Media/MediaCompositing/Content/' was aborted.
[2018.01.26-14.29.53:750][833]LogDirectoryWatcher: A directory notification for '../../../Engine/Plugins/Runtime/AppleARKit/Content/' was aborted.
[2018.01.26-14.29.53:750][833]LogDirectoryWatcher: A directory notification for '../../../Engine/Plugins/Runtime/HoudiniEngine/Content/' was aborted.
[2018.01.26-14.29.53:750][833]LogDirectoryWatcher: A directory notification for '../../../Engine/Plugins/Runtime/Oculus/OculusVR/Content/' was aborted.
[2018.01.26-14.29.53:750][833]LogDirectoryWatcher: A directory notification for '../../../Engine/Plugins/Runtime/Steam/SteamVR/Content/' was aborted.
[2018.01.26-14.29.54:169][833]LogExit: Object subsystem successfully closed.
[2018.01.26-14.29.54:292][833]LogD3D11RHI: Shutdown
[2018.01.26-14.29.54:292][833]LogD3D11RHI: CleanupD3DDevice
[2018.01.26-14.29.54:297][833]LogD3D11RHI: ~FD3D11DynamicRHI
[2018.01.26-14.29.54:545][833]LogModuleManager: Shutting down and abandoning module BlueprintGraph (562)
[2018.01.26-14.29.54:545][833]LogModuleManager: Shutting down and abandoning module ExternalImagePicker (560)
[2018.01.26-14.29.54:546][833]LogModuleManager: Shutting down and abandoning module MovieSceneCapture (558)
[2018.01.26-14.29.54:546][833]LogModuleManager: Shutting down and abandoning module HierarchicalLODUtilities (556)
[2018.01.26-14.29.54:546][833]LogModuleManager: Shutting down and abandoning module HierarchicalLODOutliner (554)
[2018.01.26-14.29.54:546][833]LogModuleManager: Shutting down and abandoning module SceneOutliner (552)
[2018.01.26-14.29.54:546][833]LogModuleManager: Shutting down and abandoning module AddContentDialog (550)
[2018.01.26-14.29.54:546][833]LogDirectoryWatcher: A directory notification for 'D:/Program Files/Epic Games/UE_4.18/FeaturePacks/' was aborted.
[2018.01.26-14.29.54:548][833]LogModuleManager: Shutting down and abandoning module WidgetCarousel (549)
[2018.01.26-14.29.54:548][833]LogModuleManager: Shutting down and abandoning module EditorWidgets (546)
[2018.01.26-14.29.54:548][833]LogModuleManager: Shutting down and abandoning module CollectionManager (544)
[2018.01.26-14.29.54:549][833]LogDirectoryWatcher: A directory notification for 'D:/Tom/Documents/GitHub/RaduAndTheSunshineCrew/RATSC/Content/Collections/' was aborted.
[2018.01.26-14.29.54:549][833]LogDirectoryWatcher: A directory notification for 'D:/Tom/Documents/GitHub/RaduAndTheSunshineCrew/RATSC/Content/Developers/User/Collections/' was aborted.
[2018.01.26-14.29.54:549][833]LogDirectoryWatcher: A directory notification for 'D:/Tom/Documents/GitHub/RaduAndTheSunshineCrew/RATSC/Saved/Collections/' was aborted.
[2018.01.26-14.29.54:549][833]LogModuleManager: Shutting down and abandoning module WorldBrowser (542)
[2018.01.26-14.29.54:549][833]LogModuleManager: Shutting down and abandoning module StatsViewer (540)
[2018.01.26-14.29.54:549][833]LogModuleManager: Shutting down and abandoning module FoliageEdit (538)
[2018.01.26-14.29.54:549][833]LogModuleManager: Shutting down and abandoning module LandscapeEditor (536)
[2018.01.26-14.29.54:574][833]LogModuleManager: Shutting down and abandoning module MeshPaintMode (534)
[2018.01.26-14.29.54:574][833]LogModuleManager: Shutting down and abandoning module SceneDepthPickerMode (532)
[2018.01.26-14.29.54:574][833]LogModuleManager: Shutting down and abandoning module ActorPickerMode (530)
[2018.01.26-14.29.54:574][833]LogModuleManager: Shutting down and abandoning module GeometryMode (528)
[2018.01.26-14.29.54:574][833]LogModuleManager: Shutting down and abandoning module TextureAlignMode (526)
[2018.01.26-14.29.54:574][833]LogModuleManager: Shutting down and abandoning module BspMode (524)
[2018.01.26-14.29.54:574][833]LogModuleManager: Shutting down and abandoning module PIEPreviewDeviceProfileSelector (522)
[2018.01.26-14.29.54:574][833]LogModuleManager: Shutting down and abandoning module HardwareSurvey (520)
[2018.01.26-14.29.54:574][833]LogModuleManager: Shutting down and abandoning module SequenceRecorderSections (518)
[2018.01.26-14.29.54:574][833]LogModuleManager: Shutting down and abandoning module AutomationWorker (516)
[2018.01.26-14.29.54:574][833]LogModuleManager: Shutting down and abandoning module HoudiniEngineEditor (514)
[2018.01.26-14.29.54:574][833]LogHoudiniEngineEditor: Shutting down the Houdini Engine Editor module.
[2018.01.26-14.29.54:574][833]LogModuleManager: Shutting down and abandoning module MatineeToLevelSequence (512)
[2018.01.26-14.29.54:574][833]LogModuleManager: Shutting down and abandoning module LevelSequenceEditor (510)
[2018.01.26-14.29.54:574][833]LogModuleManager: Shutting down and abandoning module PlacementMode (509)
[2018.01.26-14.29.54:575][833]LogModuleManager: Shutting down and abandoning module WmfMediaFactory (506)
[2018.01.26-14.29.54:575][833]LogModuleManager: Shutting down and abandoning module WmfMediaEditor (504)
[2018.01.26-14.29.54:575][833]LogModuleManager: Shutting down and abandoning module OpenExrWrapper (502)
[2018.01.26-14.29.54:575][833]LogModuleManager: Shutting down and abandoning module ImgMediaFactory (500)
[2018.01.26-14.29.54:575][833]LogModuleManager: Shutting down and abandoning module ImgMediaEditor (498)
[2018.01.26-14.29.54:575][833]LogModuleManager: Shutting down and abandoning module AvfMediaFactory (496)
[2018.01.26-14.29.54:575][833]LogModuleManager: Shutting down and abandoning module AvfMediaEditor (494)
[2018.01.26-14.29.54:575][833]LogModuleManager: Shutting down and abandoning module AndroidMediaFactory (492)
[2018.01.26-14.29.54:575][833]LogModuleManager: Shutting down and abandoning module AndroidMediaEditor (490)
[2018.01.26-14.29.54:575][833]LogModuleManager: Shutting down and abandoning module CharacterAI (488)
[2018.01.26-14.29.54:575][833]LogModuleManager: Shutting down and abandoning module AudioCapture (486)
[2018.01.26-14.29.54:575][833]LogModuleManager: Shutting down and abandoning module SequenceRecorder (485)
[2018.01.26-14.29.54:575][833]LogModuleManager: Shutting down and abandoning module SmartSnapping (482)
[2018.01.26-14.29.54:575][833]LogModuleManager: Shutting down and abandoning module SessionServices (480)
[2018.01.26-14.29.54:575][833]LogModuleManager: Shutting down and abandoning module ViewportSnapping (478)
[2018.01.26-14.29.54:575][833]LogModuleManager: Shutting down and abandoning module ViewportInteraction (476)
[2018.01.26-14.29.54:575][833]LogModuleManager: Shutting down and abandoning module ClothPainter (474)
[2018.01.26-14.29.54:575][833]LogModuleManager: Shutting down and abandoning module SkeletalMeshEditor (473)
[2018.01.26-14.29.54:620][833]LogModuleManager: Shutting down and abandoning module LogVisualizer (470)
[2018.01.26-14.29.54:621][833]LogModuleManager: Shutting down and abandoning module IntroTutorials (468)
[2018.01.26-14.29.54:621][833]LogModuleManager: Shutting down and abandoning module GameProjectGeneration (467)
[2018.01.26-14.29.54:634][833]LogModuleManager: Shutting down and abandoning module IOSPlatformEditor (464)
[2018.01.26-14.29.54:634][833]LogModuleManager: Shutting down and abandoning module HTML5PlatformEditor (462)
[2018.01.26-14.29.54:634][833]LogModuleManager: Shutting down and abandoning module AndroidPlatformEditor (460)
[2018.01.26-14.29.54:634][833]LogModuleManager: Shutting down and abandoning module AndroidDeviceDetection (459)
[2018.01.26-14.29.55:184][833]LogModuleManager: Shutting down and abandoning module WindowsPlatformEditor (456)
[2018.01.26-14.29.55:184][833]LogModuleManager: Shutting down and abandoning module IOSRuntimeSettings (454)
[2018.01.26-14.29.55:184][833]LogModuleManager: Shutting down and abandoning module AndroidRuntimeSettings (452)
[2018.01.26-14.29.55:184][833]LogModuleManager: Shutting down and abandoning module InputBindingEditor (450)
[2018.01.26-14.29.55:184][833]LogModuleManager: Shutting down and abandoning module MergeActors (448)
[2018.01.26-14.29.55:285][833]LogModuleManager: Shutting down and abandoning module SizeMap (446)
[2018.01.26-14.29.55:285][833]LogModuleManager: Shutting down and abandoning module TreeMap (444)
[2018.01.26-14.29.55:285][833]LogModuleManager: Shutting down and abandoning module ReferenceViewer (442)
[2018.01.26-14.29.55:285][833]LogModuleManager: Shutting down and abandoning module LocalizationDashboard (440)
[2018.01.26-14.29.55:301][833]LogModuleManager: Shutting down and abandoning module LocalizationService (439)
[2018.01.26-14.29.55:302][833]LogModuleManager: Shutting down and abandoning module HardwareTargeting (436)
[2018.01.26-14.29.55:303][833]LogModuleManager: Shutting down and abandoning module DeviceProfileEditor (434)
[2018.01.26-14.29.55:303][833]LogModuleManager: Shutting down and abandoning module UndoHistory (432)
[2018.01.26-14.29.55:303][833]LogModuleManager: Shutting down and abandoning module XmlParser (430)
[2018.01.26-14.29.55:303][833]LogModuleManager: Shutting down and abandoning module Blutility (428)
[2018.01.26-14.29.55:303][833]LogModuleManager: Shutting down and abandoning module ProjectSettingsViewer (426)
[2018.01.26-14.29.55:303][833]LogModuleManager: Shutting down and abandoning module ProjectTargetPlatformEditor (425)
[2018.01.26-14.29.55:305][833]LogModuleManager: Shutting down and abandoning module EditorSettingsViewer (422)
[2018.01.26-14.29.55:305][833]LogModuleManager: Shutting down and abandoning module SettingsEditor (420)
[2018.01.26-14.29.55:305][833]LogModuleManager: Shutting down and abandoning module ProjectLauncher (418)
[2018.01.26-14.29.55:331][833]LogModuleManager: Shutting down and abandoning module SessionFrontend (416)
[2018.01.26-14.29.55:332][833]LogModuleManager: Shutting down and abandoning module ProfilerClient (414)
[2018.01.26-14.29.55:343][833]LogModuleManager: Shutting down and abandoning module DeviceManager (412)
[2018.01.26-14.29.55:343][833]LogModuleManager: Shutting down and abandoning module TargetDeviceServices (411)
[2018.01.26-14.29.55:409][833]LogModuleManager: Shutting down and abandoning module AutomationController (408)
[2018.01.26-14.29.55:422][833]LogModuleManager: Shutting down and abandoning module AutomationWindow (406)
[2018.01.26-14.29.55:466][833]LogModuleManager: Shutting down and abandoning module Layers (404)
[2018.01.26-14.29.55:508][833]LogModuleManager: Shutting down and abandoning module ComponentVisualizers (402)
[2018.01.26-14.29.55:508][833]LogModuleManager: Shutting down and abandoning module DetailCustomizations (400)
[2018.01.26-14.29.55:508][833]LogModuleManager: Shutting down and abandoning module PackagesDialog (398)
[2018.01.26-14.29.55:508][833]LogModuleManager: Shutting down and abandoning module Persona (396)
[2018.01.26-14.29.55:533][833]LogModuleManager: Shutting down and abandoning module AdvancedPreviewScene (395)
[2018.01.26-14.29.55:534][833]LogModuleManager: Shutting down and abandoning module AnimGraph (393)
[2018.01.26-14.29.55:534][833]LogModuleManager: Shutting down and abandoning module Kismet (390)
[2018.01.26-14.29.55:540][833]LogModuleManager: Shutting down and abandoning module ClassViewer (388)
[2018.01.26-14.29.55:542][833]LogModuleManager: Shutting down and abandoning module Toolbox (386)
[2018.01.26-14.29.55:542][833]LogModuleManager: Shutting down and abandoning module ModuleUI (384)
[2018.01.26-14.29.55:557][833]LogModuleManager: Shutting down and abandoning module MovieSceneTools (382)
[2018.01.26-14.29.55:572][833]LogModuleManager: Shutting down and abandoning module OutputLog (380)
[2018.01.26-14.29.55:572][833]LogModuleManager: Shutting down and abandoning module GammaUI (378)
[2018.01.26-14.29.55:586][833]LogModuleManager: Shutting down and abandoning module Documentation (376)
[2018.01.26-14.29.55:586][833]LogModuleManager: Shutting down and abandoning module MovieSceneTracks (374)
[2018.01.26-14.29.55:586][833]LogModuleManager: Shutting down and abandoning module MovieScene (372)
[2018.01.26-14.29.55:586][833]LogModuleManager: Shutting down and abandoning module StreamingPauseRendering (370)
[2018.01.26-14.29.55:586][833]LogModuleManager: Shutting down and abandoning module LauncherPlatform (368)
[2018.01.26-14.29.55:586][833]LogModuleManager: Shutting down and abandoning module AnalyticsET (366)
[2018.01.26-14.29.55:586][833]LogModuleManager: Shutting down and abandoning module PortalServices (364)
[2018.01.26-14.29.55:586][833]LogModuleManager: Shutting down and abandoning module PortalRpc (362)
[2018.01.26-14.29.55:586][833]LogModuleManager: Shutting down and abandoning module MessagingRpc (360)
[2018.01.26-14.29.55:586][833]LogModuleManager: Shutting down and abandoning module AIModule (358)
[2018.01.26-14.29.55:592][833]LogModuleManager: Shutting down and abandoning module GameplayDebugger (357)
[2018.01.26-14.29.55:592][833]LogModuleManager: Shutting down and abandoning module AITestSuite (355)
[2018.01.26-14.29.55:592][833]LogModuleManager: Shutting down and abandoning module DesktopPlatform (352)
[2018.01.26-14.29.55:592][833]LogModuleManager: Shutting down and abandoning module ProfilerService (350)
[2018.01.26-14.29.55:603][833]LogModuleManager: Shutting down and abandoning module TaskGraph (348)
[2018.01.26-14.29.55:604][833]LogModuleManager: Shutting down and abandoning module SteamVRController (346)
[2018.01.26-14.29.55:604][833]LogModuleManager: Shutting down and abandoning module ProceduralMeshComponentEditor (344)
[2018.01.26-14.29.55:604][833]LogModuleManager: Shutting down and abandoning module ProceduralMeshComponent (342)
[2018.01.26-14.29.55:604][833]LogModuleManager: Shutting down and abandoning module OculusInput (340)
[2018.01.26-14.29.55:604][833]LogModuleManager: Shutting down and abandoning module MobilePatchingUtils (338)
[2018.01.26-14.29.55:604][833]LogModuleManager: Shutting down and abandoning module HoudiniEngineRuntime (336)
[2018.01.26-14.29.55:604][833]LogHoudiniEngine: Shutting down the Houdini Engine module.
[2018.01.26-14.29.55:633][833]LogModuleManager: Shutting down and abandoning module CustomMeshComponent (334)
[2018.01.26-14.29.55:633][833]LogModuleManager: Shutting down and abandoning module CableComponent (332)
[2018.01.26-14.29.55:633][833]LogModuleManager: Shutting down and abandoning module ArchVisCharacter (330)
[2018.01.26-14.29.55:633][833]LogModuleManager: Shutting down and abandoning module AndroidPermission (328)
[2018.01.26-14.29.55:633][833]LogModuleManager: Shutting down and abandoning module ActorSequence (324)
[2018.01.26-14.29.55:633][833]LogModuleManager: Shutting down and abandoning module MediaPlayerEditor (322)
[2018.01.26-14.29.55:633][833]LogModuleManager: Shutting down and abandoning module MediaCompositingEditor (320)
[2018.01.26-14.29.55:633][833]LogModuleManager: Shutting down and abandoning module MediaCompositing (318)
[2018.01.26-14.29.55:633][833]LogModuleManager: Shutting down and abandoning module HTML5Networking (316)
[2018.01.26-14.29.55:633][833]LogModuleManager: Shutting down and abandoning module AlembicImporter (314)
[2018.01.26-14.29.55:633][833]LogModuleManager: Shutting down and abandoning module AlembicLibrary (313)
[2018.01.26-14.29.55:633][833]LogModuleManager: Shutting down and abandoning module GeometryCache (312)
[2018.01.26-14.29.55:633][833]LogModuleManager: Shutting down and abandoning module GeometryCacheEd (311)
[2018.01.26-14.29.55:633][833]LogModuleManager: Shutting down and abandoning module SpeedTreeImporter (306)
[2018.01.26-14.29.55:633][833]LogModuleManager: Shutting down and abandoning module PluginBrowser (304)
[2018.01.26-14.29.55:633][833]LogModuleManager: Shutting down and abandoning module MobileLauncherProfileWizard (302)
[2018.01.26-14.29.55:633][833]LogModuleManager: Shutting down and abandoning module VisualStudioSourceCodeAccess (300)
[2018.01.26-14.29.55:633][833]LogModuleManager: Shutting down and abandoning module VisualStudioCodeSourceCodeAccess (298)
[2018.01.26-14.29.55:633][833]LogModuleManager: Shutting down and abandoning module UObjectPlugin (296)
[2018.01.26-14.29.55:633][833]LogModuleManager: Shutting down and abandoning module SubversionSourceControl (294)
[2018.01.26-14.29.55:633][833]LogModuleManager: Shutting down and abandoning module PerforceSourceControl (292)
[2018.01.26-14.29.55:633][833]LogModuleManager: Shutting down and abandoning module GitSourceControl (290)
[2018.01.26-14.29.55:633][833]LogModuleManager: Shutting down and abandoning module SourceControl (289)
[2018.01.26-14.29.55:634][833]LogModuleManager: Shutting down and abandoning module LightPropagationVolumeEditor (286)
[2018.01.26-14.29.55:634][833]LogModuleManager: Shutting down and abandoning module PaperTiledImporter (284)
[2018.01.26-14.29.55:634][833]LogModuleManager: Shutting down and abandoning module PaperSpriteSheetImporter (282)
[2018.01.26-14.29.55:634][833]LogModuleManager: Shutting down and abandoning module Paper2DEditor (280)
[2018.01.26-14.29.55:634][833]LogModuleManager: Shutting down and abandoning module MeshPaint (279)
[2018.01.26-14.29.55:634][833]LogModuleManager: Shutting down and abandoning module LevelEditor (277)
[2018.01.26-14.29.55:635][833]LogModuleManager: Shutting down and abandoning module PixelInspectorModule (276)
[2018.01.26-14.29.55:635][833]LogModuleManager: Shutting down and abandoning module MainFrame (274)
[2018.01.26-14.29.55:635][833]LogModuleManager: Shutting down and abandoning module HotReload (273)
[2018.01.26-14.29.55:635][833]LogModuleManager: Shutting down and abandoning module RuntimePhysXCooking (268)
[2018.01.26-14.29.55:635][833]LogModuleManager: Shutting down and abandoning module PhysXVehiclesEditor (266)
[2018.01.26-14.29.55:635][833]LogModuleManager: Shutting down and abandoning module PhysXVehicles (264)
[2018.01.26-14.29.55:635][833]LogModuleManager: Shutting down and abandoning module OculusEditor (262)
[2018.01.26-14.29.55:635][833]LogModuleManager: Shutting down and abandoning module LocationServicesBPLibrary (260)
[2018.01.26-14.29.55:635][833]LogModuleManager: Shutting down and abandoning module ImmediatePhysicsEditor (258)
[2018.01.26-14.29.55:635][833]LogModuleManager: Shutting down and abandoning module ImmediatePhysics (256)
[2018.01.26-14.29.55:635][833]LogModuleManager: Shutting down and abandoning module UdpMessaging (254)
[2018.01.26-14.29.55:736][833]LogModuleManager: Shutting down and abandoning module TcpMessaging (252)
[2018.01.26-14.29.55:836][833]LogModuleManager: Shutting down and abandoning module GameplayTagsEditor (250)
[2018.01.26-14.29.55:836][833]LogModuleManager: Shutting down and abandoning module FacialAnimationEditor (248)
[2018.01.26-14.29.55:836][833]LogModuleManager: Shutting down and abandoning module FacialAnimation (246)
[2018.01.26-14.29.55:836][833]LogModuleManager: Shutting down and abandoning module AssetManagerEditor (244)
[2018.01.26-14.29.55:836][833]LogModuleManager: Shutting down and abandoning module GraphEditor (243)
[2018.01.26-14.29.55:836][833]LogModuleManager: Shutting down and abandoning module ContentBrowser (241)
[2018.01.26-14.29.55:837][833]LogModuleManager: Shutting down and abandoning module LightPropagationVolumeRuntime (238)
[2018.01.26-14.29.55:837][833]LogModuleManager: Shutting down and abandoning module Paper2D (236)
[2018.01.26-14.29.55:837][833]LogModuleManager: Shutting down and abandoning module WindowsMoviePlayer (234)
[2018.01.26-14.29.55:837][833]LogModuleManager: Shutting down and abandoning module WmfMedia (232)
[2018.01.26-14.29.55:841][833]LogModuleManager: Shutting down and abandoning module ImgMedia (230)
[2018.01.26-14.29.55:841][833]LogModuleManager: Shutting down and abandoning module PacketHandler (228)
[2018.01.26-14.29.55:841][833]LogModuleManager: Shutting down and abandoning module ClothingSystemEditor (226)
[2018.01.26-14.29.55:841][833]LogModuleManager: Shutting down and abandoning module ClothingSystemRuntime (224)
[2018.01.26-14.29.55:853][833]LogModuleManager: Shutting down and abandoning module MediaAssets (222)
[2018.01.26-14.29.55:853][833]LogModuleManager: Shutting down and abandoning module Media (221)
[2018.01.26-14.29.55:859][833]LogModuleManager: Shutting down and abandoning module Overlay (218)
[2018.01.26-14.29.55:860][833]LogModuleManager: Shutting down and abandoning module OverlayEditor (217)
[2018.01.26-14.29.55:860][833]LogModuleManager: Shutting down and abandoning module VREditor (214)
[2018.01.26-14.29.55:871][833]LogModuleManager: Shutting down and abandoning module StringTableEditor (212)
[2018.01.26-14.29.55:880][833]LogModuleManager: Shutting down and abandoning module GameplayTasksEditor (210)
[2018.01.26-14.29.55:880][833]LogModuleManager: Shutting down and abandoning module BehaviorTreeEditor (208)
[2018.01.26-14.29.55:892][833]LogModuleManager: Shutting down and abandoning module FunctionalTesting (206)
[2018.01.26-14.29.55:892][833]LogModuleManager: Shutting down and abandoning module CollisionAnalyzer (204)
[2018.01.26-14.29.55:892][833]LogModuleManager: Shutting down and abandoning module WorkspaceMenuStructure (203)
[2018.01.26-14.29.55:892][833]LogModuleManager: Shutting down and abandoning module UMG (200)
[2018.01.26-14.29.55:899][833]LogModuleManager: Shutting down and abandoning module UMGEditor (199)
[2018.01.26-14.29.55:938][833]LogModuleManager: Shutting down and abandoning module Sequencer (198)
[2018.01.26-14.29.55:964][833]LogModuleManager: Shutting down and abandoning module MessageLog (195)
[2018.01.26-14.29.55:964][833]LogModuleManager: Shutting down and abandoning module SlateReflector (190)
[2018.01.26-14.29.55:992][833]LogModuleManager: Shutting down and abandoning module Slate (188)
[2018.01.26-14.29.55:992][833]LogModuleManager: Shutting down and abandoning module EditorStyle (186)
[2018.01.26-14.29.55:993][833]LogModuleManager: Shutting down and abandoning module MRMesh (184)
[2018.01.26-14.29.55:993][833]LogModuleManager: Shutting down and abandoning module SourceCodeAccess (182)
[2018.01.26-14.29.55:993][833]LogModuleManager: Shutting down and abandoning module HeadMountedDisplay (180)
[2018.01.26-14.29.55:993][833]LogModuleManager: Shutting down and abandoning module XAudio2 (178)
[2018.01.26-14.29.55:993][833]LogModuleManager: Shutting down and abandoning module Networking (176)
[2018.01.26-14.29.55:993][833]LogModuleManager: Shutting down and abandoning module Core (172)
[2018.01.26-14.29.55:993][833]LogModuleManager: Shutting down and abandoning module LevelSequence (168)
[2018.01.26-14.29.55:994][833]LogModuleManager: Shutting down and abandoning module DirectoryWatcher (166)
[2018.01.26-14.29.55:994][833]LogModuleManager: Shutting down and abandoning module KismetCompiler (164)
[2018.01.26-14.29.55:994][833]LogModuleManager: Shutting down and abandoning module MeshUtilities (162)
[2018.01.26-14.29.56:007][833]LogModuleManager: Shutting down and abandoning module MeshMergeUtilities (161)
[2018.01.26-14.29.56:008][833]LogModuleManager: Shutting down and abandoning module MeshReductionInterface (160)
[2018.01.26-14.29.56:008][833]LogModuleManager: Shutting down and abandoning module SimplygonSwarm (159)
[2018.01.26-14.29.56:019][833]LogModuleManager: Shutting down and abandoning module SimplygonMeshReduction (157)
[2018.01.26-14.29.56:019][833]LogModuleManager: Shutting down and abandoning module QuadricMeshReduction (155)
[2018.01.26-14.29.56:019][833]LogModuleManager: Shutting down and abandoning module MaterialBaking (151)
[2018.01.26-14.29.56:019][833]LogModuleManager: Shutting down and abandoning module DerivedDataCache (148)
[2018.01.26-14.29.56:043][833]LogDerivedDataCache: Shutdown
[2018.01.26-14.29.56:043][833]LogModuleManager: Shutting down and abandoning module TargetPlatform (146)
[2018.01.26-14.29.56:043][833]LogModuleManager: Shutting down and abandoning module VulkanShaderFormat (145)
[2018.01.26-14.29.56:043][833]LogModuleManager: Shutting down and abandoning module ShaderFormatVectorVM (143)
[2018.01.26-14.29.56:070][833]LogModuleManager: Shutting down and abandoning module ShaderFormatOpenGL (141)
[2018.01.26-14.29.56:083][833]LogModuleManager: Shutting down and abandoning module ShaderFormatD3D (139)
[2018.01.26-14.29.56:083][833]LogModuleManager: Shutting down and abandoning module MetalShaderFormat (137)
[2018.01.26-14.29.56:083][833]LogModuleManager: Shutting down and abandoning module TextureFormatUncompressed (135)
[2018.01.26-14.29.56:083][833]LogModuleManager: Shutting down and abandoning module TextureFormatPVR (133)
[2018.01.26-14.29.56:083][833]LogModuleManager: Shutting down and abandoning module TextureFormatDXT (131)
[2018.01.26-14.29.56:083][833]LogModuleManager: Shutting down and abandoning module TextureFormatIntelISPCTexComp (129)
[2018.01.26-14.29.56:083][833]LogModuleManager: Shutting down and abandoning module TextureFormatASTC (127)
[2018.01.26-14.29.56:083][833]LogModuleManager: Shutting down and abandoning module ImageWrapper (126)
[2018.01.26-14.29.56:083][833]LogModuleManager: Shutting down and abandoning module TextureFormatAndroid (123)
[2018.01.26-14.29.56:083][833]LogModuleManager: Shutting down and abandoning module AudioFormatOpus (121)
[2018.01.26-14.29.56:083][833]LogModuleManager: Shutting down and abandoning module AudioFormatOgg (119)
[2018.01.26-14.29.56:083][833]LogModuleManager: Shutting down and abandoning module AudioFormatADPCM (117)
[2018.01.26-14.29.56:083][833]LogModuleManager: Shutting down and abandoning module LinuxTargetPlatform (115)
[2018.01.26-14.29.56:083][833]LogModuleManager: Shutting down and abandoning module LinuxServerTargetPlatform (113)
[2018.01.26-14.29.56:083][833]LogModuleManager: Shutting down and abandoning module LinuxNoEditorTargetPlatform (111)
[2018.01.26-14.29.56:083][833]LogModuleManager: Shutting down and abandoning module LinuxClientTargetPlatform (109)
[2018.01.26-14.29.56:083][833]LogModuleManager: Shutting down and abandoning module TVOSTargetPlatform (107)
[2018.01.26-14.29.56:083][833]LogModuleManager: Shutting down and abandoning module Messaging (105)
[2018.01.26-14.29.56:083][833]LogModuleManager: Shutting down and abandoning module IOSTargetPlatform (103)
[2018.01.26-14.29.56:083][833]LogModuleManager: Shutting down and abandoning module HTML5TargetPlatform (101)
[2018.01.26-14.29.56:083][833]LogModuleManager: Shutting down and abandoning module AndroidTargetPlatform (99)
[2018.01.26-14.29.56:083][833]LogModuleManager: Shutting down and abandoning module Android_PVRTCTargetPlatform (97)
[2018.01.26-14.29.56:083][833]LogModuleManager: Shutting down and abandoning module Android_MultiTargetPlatform (95)
[2018.01.26-14.29.56:083][833]LogModuleManager: Shutting down and abandoning module Android_ETC2TargetPlatform (93)
[2018.01.26-14.29.56:083][833]LogModuleManager: Shutting down and abandoning module Android_ETC1TargetPlatform (91)
[2018.01.26-14.29.56:083][833]LogModuleManager: Shutting down and abandoning module Android_DXTTargetPlatform (89)
[2018.01.26-14.29.56:083][833]LogModuleManager: Shutting down and abandoning module Android_ATCTargetPlatform (87)
[2018.01.26-14.29.56:083][833]LogModuleManager: Shutting down and abandoning module Android_ASTCTargetPlatform (85)
[2018.01.26-14.29.56:083][833]LogModuleManager: Shutting down and abandoning module WindowsTargetPlatform (83)
[2018.01.26-14.29.56:083][833]LogModuleManager: Shutting down and abandoning module WindowsServerTargetPlatform (81)
[2018.01.26-14.29.56:083][833]LogModuleManager: Shutting down and abandoning module WindowsNoEditorTargetPlatform (79)
[2018.01.26-14.29.56:083][833]LogModuleManager: Shutting down and abandoning module WindowsClientTargetPlatform (77)
[2018.01.26-14.29.56:083][833]LogModuleManager: Shutting down and abandoning module MacTargetPlatform (75)
[2018.01.26-14.29.56:083][833]LogModuleManager: Shutting down and abandoning module MacServerTargetPlatform (73)
[2018.01.26-14.29.56:083][833]LogModuleManager: Shutting down and abandoning module MacNoEditorTargetPlatform (71)
[2018.01.26-14.29.56:084][833]LogModuleManager: Shutting down and abandoning module MacClientTargetPlatform (69)
[2018.01.26-14.29.56:084][833]LogModuleManager: Shutting down and abandoning module AllDesktopTargetPlatform (67)
[2018.01.26-14.29.56:084][833]LogModuleManager: Shutting down and abandoning module InputCore (64)
[2018.01.26-14.29.56:084][833]LogModuleManager: Shutting down and abandoning module Settings (62)
[2018.01.26-14.29.56:084][833]LogModuleManager: Shutting down and abandoning module PhysXCooking (60)
[2018.01.26-14.29.56:084][833]LogModuleManager: Shutting down and abandoning module SteamVR (58)
[2018.01.26-14.29.56:084][833]LogModuleManager: Shutting down and abandoning module OculusHMD (56)
[2018.01.26-14.29.56:084][833]LogModuleManager: Shutting down and abandoning module ExampleDeviceProfileSelector (54)
[2018.01.26-14.29.56:084][833]LogModuleManager: Shutting down and abandoning module AppleARKit (52)
[2018.01.26-14.29.56:084][833]LogModuleManager: Shutting down and abandoning module AugmentedReality (51)
[2018.01.26-14.29.56:084][833]LogModuleManager: Shutting down and abandoning module OnlineBlueprintSupport (48)
[2018.01.26-14.29.56:084][833]LogModuleManager: Shutting down and abandoning module OnlineSubsystem (44)
[2018.01.26-14.29.56:084][833]LogModuleManager: Shutting down and abandoning module XMPP (43)
[2018.01.26-14.29.56:093][833]LogModuleManager: Shutting down and abandoning module HTTP (41)
[2018.01.26-14.29.56:093][833]LogHttp: Display: Http module shutting down, but needs to wait on 1 outstanding Http requests:
[2018.01.26-14.29.56:093][833]LogHttp: Display: 	verb=[POST] url=[https://datarouter.ol.epicgames.com/datarouter/api/v1/public/data?SessionID=%7B72301703-40C7-0722-45F1-B89462F0CD1B%7D&AppID=UEEditor.Rocket.Release&AppVersion=4.18.3-3832480%2B%2B%2BUE4%2BRelease-4.18&UserID=aef93cc54fb1bfeefcf5e6bc4a5fc774%7C25f6526e88e24b2c829a723456372eac%7Cf722d260-45c9-4925-a7d2-529ce7b41894&AppEnvironment=datacollector-binary&UploadType=eteventstream] status=Processing
[2018.01.26-14.29.56:117][833]LogModuleManager: Shutting down and abandoning module SSL (40)
[2018.01.26-14.29.56:118][833]LogModuleManager: Shutting down and abandoning module AnimationModifiers (36)
[2018.01.26-14.29.56:118][833]LogModuleManager: Shutting down and abandoning module PropertyEditor (35)
[2018.01.26-14.29.56:118][833]LogModuleManager: Shutting down and abandoning module AudioEditor (32)
[2018.01.26-14.29.56:118][833]LogModuleManager: Shutting down and abandoning module TextureCompressor (30)
[2018.01.26-14.29.56:119][833]LogModuleManager: Shutting down and abandoning module ShaderCore (28)
[2018.01.26-14.29.56:119][833]LogModuleManager: Shutting down and abandoning module Landscape (26)
[2018.01.26-14.29.56:119][833]LogModuleManager: Shutting down and abandoning module SlateRHIRenderer (24)
[2018.01.26-14.29.56:164][833]LogModuleManager: Shutting down and abandoning module OpenGLDrv (22)
[2018.01.26-14.29.56:183][833]LogModuleManager: Shutting down and abandoning module D3D11RHI (20)
[2018.01.26-14.29.56:183][833]LogModuleManager: Shutting down and abandoning module AnimGraphRuntime (18)
[2018.01.26-14.29.56:183][833]LogModuleManager: Shutting down and abandoning module Renderer (16)
[2018.01.26-14.29.56:183][833]LogModuleManager: Shutting down and abandoning module Engine (14)
[2018.01.26-14.29.56:183][833]LogModuleManager: Shutting down and abandoning module CoreUObject (12)
[2018.01.26-14.29.56:183][833]LogModuleManager: Shutting down and abandoning module NetworkFile (10)
[2018.01.26-14.29.56:183][833]LogModuleManager: Shutting down and abandoning module CookedIterativeFile (8)
[2018.01.26-14.29.56:183][833]LogModuleManager: Shutting down and abandoning module StreamingFile (6)
[2018.01.26-14.29.56:183][833]LogModuleManager: Shutting down and abandoning module SandboxFile (4)
[2018.01.26-14.29.56:183][833]LogModuleManager: Shutting down and abandoning module PakFile (2)
[2018.01.26-14.29.56:200][833]LogExit: Exiting.
[2018.01.26-14.29.56:214][833]Log file closed, 01/26/18 15:29:56
